Analysis & Synthesis report for Exercise2
Thu Apr 01 16:59:48 2021
Quartus Prime Version 18.1.0 Build 625 09/12/2018 SJ Lite Edition


---------------------
; Table of Contents ;
---------------------
  1. Legal Notice
  2. Analysis & Synthesis Summary
  3. Analysis & Synthesis Settings
  4. Parallel Compilation
  5. Analysis & Synthesis Source Files Read
  6. Analysis & Synthesis Resource Usage Summary
  7. Analysis & Synthesis Resource Utilization by Entity
  8. Analysis & Synthesis DSP Block Usage Summary
  9. Registers Removed During Synthesis
 10. Removed Registers Triggering Further Register Optimizations
 11. General Register Statistics
 12. Inverted Register Statistics
 13. Parameter Settings for Inferred Entity Instance: MyPipeline:ppl|lpm_mult:Mult1
 14. Parameter Settings for Inferred Entity Instance: MyPipeline:ppl|lpm_mult:Mult0
 15. lpm_mult Parameter Settings by Entity Instance
 16. Post-Synthesis Netlist Statistics for Top Partition
 17. Elapsed Time Per Partition
 18. Analysis & Synthesis Messages



----------------
; Legal Notice ;
----------------
Copyright (C) 2018  Intel Corporation. All rights reserved.
Your use of Intel Corporation's design tools, logic functions 
and other software and tools, and its AMPP partner logic 
functions, and any output files from any of the foregoing 
(including device programming or simulation files), and any 
associated documentation or information are expressly subject 
to the terms and conditions of the Intel Program License 
Subscription Agreement, the Intel Quartus Prime License Agreement,
the Intel FPGA IP License Agreement, or other applicable license
agreement, including, without limitation, that your use is for
the sole purpose of programming logic devices manufactured by
Intel and sold by Intel or its authorized distributors.  Please
refer to the applicable agreement for further details.



+----------------------------------------------------------------------------------+
; Analysis & Synthesis Summary                                                     ;
+------------------------------------+---------------------------------------------+
; Analysis & Synthesis Status        ; Successful - Thu Apr 01 16:59:48 2021       ;
; Quartus Prime Version              ; 18.1.0 Build 625 09/12/2018 SJ Lite Edition ;
; Revision Name                      ; Exercise2                                   ;
; Top-level Entity Name              ; Pipeline                                    ;
; Family                             ; Cyclone IV E                                ;
; Total logic elements               ; 63                                          ;
;     Total combinational functions  ; 30                                          ;
;     Dedicated logic registers      ; 34                                          ;
; Total registers                    ; 34                                          ;
; Total pins                         ; 61                                          ;
; Total virtual pins                 ; 0                                           ;
; Total memory bits                  ; 0                                           ;
; Embedded Multiplier 9-bit elements ; 3                                           ;
; Total PLLs                         ; 0                                           ;
+------------------------------------+---------------------------------------------+


+------------------------------------------------------------------------------------------------------------+
; Analysis & Synthesis Settings                                                                              ;
+------------------------------------------------------------------+--------------------+--------------------+
; Option                                                           ; Setting            ; Default Value      ;
+------------------------------------------------------------------+--------------------+--------------------+
; Device                                                           ; EP4CE22F17C6       ;                    ;
; Top-level entity name                                            ; Pipeline           ; Exercise2          ;
; Family name                                                      ; Cyclone IV E       ; Cyclone V          ;
; Use smart compilation                                            ; Off                ; Off                ;
; Enable parallel Assembler and Timing Analyzer during compilation ; On                 ; On                 ;
; Enable compact report table                                      ; Off                ; Off                ;
; Restructure Multiplexers                                         ; Auto               ; Auto               ;
; Create Debugging Nodes for IP Cores                              ; Off                ; Off                ;
; Preserve fewer node names                                        ; On                 ; On                 ;
; Intel FPGA IP Evaluation Mode                                    ; Enable             ; Enable             ;
; Verilog Version                                                  ; Verilog_2001       ; Verilog_2001       ;
; VHDL Version                                                     ; VHDL_1993          ; VHDL_1993          ;
; State Machine Processing                                         ; Auto               ; Auto               ;
; Safe State Machine                                               ; Off                ; Off                ;
; Extract Verilog State Machines                                   ; On                 ; On                 ;
; Extract VHDL State Machines                                      ; On                 ; On                 ;
; Ignore Verilog initial constructs                                ; Off                ; Off                ;
; Iteration limit for constant Verilog loops                       ; 5000               ; 5000               ;
; Iteration limit for non-constant Verilog loops                   ; 250                ; 250                ;
; Add Pass-Through Logic to Inferred RAMs                          ; On                 ; On                 ;
; Infer RAMs from Raw Logic                                        ; On                 ; On                 ;
; Parallel Synthesis                                               ; On                 ; On                 ;
; DSP Block Balancing                                              ; Auto               ; Auto               ;
; NOT Gate Push-Back                                               ; On                 ; On                 ;
; Power-Up Don't Care                                              ; On                 ; On                 ;
; Remove Redundant Logic Cells                                     ; Off                ; Off                ;
; Remove Duplicate Registers                                       ; On                 ; On                 ;
; Ignore CARRY Buffers                                             ; Off                ; Off                ;
; Ignore CASCADE Buffers                                           ; Off                ; Off                ;
; Ignore GLOBAL Buffers                                            ; Off                ; Off                ;
; Ignore ROW GLOBAL Buffers                                        ; Off                ; Off                ;
; Ignore LCELL Buffers                                             ; Off                ; Off                ;
; Ignore SOFT Buffers                                              ; On                 ; On                 ;
; Limit AHDL Integers to 32 Bits                                   ; Off                ; Off                ;
; Optimization Technique                                           ; Balanced           ; Balanced           ;
; Carry Chain Length                                               ; 70                 ; 70                 ;
; Auto Carry Chains                                                ; On                 ; On                 ;
; Auto Open-Drain Pins                                             ; On                 ; On                 ;
; Perform WYSIWYG Primitive Resynthesis                            ; Off                ; Off                ;
; Auto ROM Replacement                                             ; On                 ; On                 ;
; Auto RAM Replacement                                             ; On                 ; On                 ;
; Auto DSP Block Replacement                                       ; On                 ; On                 ;
; Auto Shift Register Replacement                                  ; Auto               ; Auto               ;
; Allow Shift Register Merging across Hierarchies                  ; Auto               ; Auto               ;
; Auto Clock Enable Replacement                                    ; On                 ; On                 ;
; Strict RAM Replacement                                           ; Off                ; Off                ;
; Allow Synchronous Control Signals                                ; On                 ; On                 ;
; Force Use of Synchronous Clear Signals                           ; Off                ; Off                ;
; Auto RAM Block Balancing                                         ; On                 ; On                 ;
; Auto RAM to Logic Cell Conversion                                ; Off                ; Off                ;
; Auto Resource Sharing                                            ; Off                ; Off                ;
; Allow Any RAM Size For Recognition                               ; Off                ; Off                ;
; Allow Any ROM Size For Recognition                               ; Off                ; Off                ;
; Allow Any Shift Register Size For Recognition                    ; Off                ; Off                ;
; Use LogicLock Constraints during Resource Balancing              ; On                 ; On                 ;
; Ignore translate_off and synthesis_off directives                ; Off                ; Off                ;
; Timing-Driven Synthesis                                          ; On                 ; On                 ;
; Report Parameter Settings                                        ; On                 ; On                 ;
; Report Source Assignments                                        ; On                 ; On                 ;
; Report Connectivity Checks                                       ; On                 ; On                 ;
; Ignore Maximum Fan-Out Assignments                               ; Off                ; Off                ;
; Synchronization Register Chain Length                            ; 2                  ; 2                  ;
; Power Optimization During Synthesis                              ; Normal compilation ; Normal compilation ;
; HDL message level                                                ; Level2             ; Level2             ;
; Suppress Register Optimization Related Messages                  ; Off                ; Off                ;
; Number of Removed Registers Reported in Synthesis Report         ; 5000               ; 5000               ;
; Number of Swept Nodes Reported in Synthesis Report               ; 5000               ; 5000               ;
; Number of Inverted Registers Reported in Synthesis Report        ; 100                ; 100                ;
; Clock MUX Protection                                             ; On                 ; On                 ;
; Auto Gated Clock Conversion                                      ; Off                ; Off                ;
; Block Design Naming                                              ; Auto               ; Auto               ;
; SDC constraint protection                                        ; Off                ; Off                ;
; Synthesis Effort                                                 ; Auto               ; Auto               ;
; Shift Register Replacement - Allow Asynchronous Clear Signal     ; On                 ; On                 ;
; Pre-Mapping Resynthesis Optimization                             ; Off                ; Off                ;
; Analysis & Synthesis Message Level                               ; Medium             ; Medium             ;
; Disable Register Merging Across Hierarchies                      ; Auto               ; Auto               ;
; Resource Aware Inference For Block RAM                           ; On                 ; On                 ;
+------------------------------------------------------------------+--------------------+--------------------+


+------------------------------------------+
; Parallel Compilation                     ;
+----------------------------+-------------+
; Processors                 ; Number      ;
+----------------------------+-------------+
; Number detected on machine ; 12          ;
; Maximum allowed            ; 6           ;
;                            ;             ;
; Average used               ; 1.00        ;
; Maximum used               ; 6           ;
;                            ;             ;
; Usage by Processor         ; % Time Used ;
;     Processor 1            ; 100.0%      ;
;     Processors 2-6         ;   0.0%      ;
+----------------------------+-------------+


+-----------------------------------------------------------------------------------------------------------------------------------------------------------------------------------+
; Analysis & Synthesis Source Files Read                                                                                                                                            ;
+----------------------------------+-----------------+------------------------------+-------------------------------------------------------------------------------------+---------+
; File Name with User-Entered Path ; Used in Netlist ; File Type                    ; File Name with Absolute Path                                                        ; Library ;
+----------------------------------+-----------------+------------------------------+-------------------------------------------------------------------------------------+---------+
; Pipeline.v                       ; yes             ; User Verilog HDL File        ; C:/Users/cassi/Desktop/verilog code/WS4/Exercise2/Pipeline.v                        ;         ;
; lpm_mult.tdf                     ; yes             ; Megafunction                 ; d:/downloads(d)/quartus/quartuslite/quartus/libraries/megafunctions/lpm_mult.tdf    ;         ;
; aglobal181.inc                   ; yes             ; Megafunction                 ; d:/downloads(d)/quartus/quartuslite/quartus/libraries/megafunctions/aglobal181.inc  ;         ;
; lpm_add_sub.inc                  ; yes             ; Megafunction                 ; d:/downloads(d)/quartus/quartuslite/quartus/libraries/megafunctions/lpm_add_sub.inc ;         ;
; multcore.inc                     ; yes             ; Megafunction                 ; d:/downloads(d)/quartus/quartuslite/quartus/libraries/megafunctions/multcore.inc    ;         ;
; bypassff.inc                     ; yes             ; Megafunction                 ; d:/downloads(d)/quartus/quartuslite/quartus/libraries/megafunctions/bypassff.inc    ;         ;
; altshift.inc                     ; yes             ; Megafunction                 ; d:/downloads(d)/quartus/quartuslite/quartus/libraries/megafunctions/altshift.inc    ;         ;
; db/mult_oct.tdf                  ; yes             ; Auto-Generated Megafunction  ; C:/Users/cassi/Desktop/verilog code/WS4/Exercise2/db/mult_oct.tdf                   ;         ;
; db/mult_u9t.tdf                  ; yes             ; Auto-Generated Megafunction  ; C:/Users/cassi/Desktop/verilog code/WS4/Exercise2/db/mult_u9t.tdf                   ;         ;
+----------------------------------+-----------------+------------------------------+-------------------------------------------------------------------------------------+---------+


+---------------------------------------------------------+
; Analysis & Synthesis Resource Usage Summary             ;
+---------------------------------------------+-----------+
; Resource                                    ; Usage     ;
+---------------------------------------------+-----------+
; Estimated Total logic elements              ; 63        ;
;                                             ;           ;
; Total combinational functions               ; 30        ;
; Logic element usage by number of LUT inputs ;           ;
;     -- 4 input functions                    ; 21        ;
;     -- 3 input functions                    ; 7         ;
;     -- <=2 input functions                  ; 2         ;
;                                             ;           ;
; Logic elements by mode                      ;           ;
;     -- normal mode                          ; 30        ;
;     -- arithmetic mode                      ; 0         ;
;                                             ;           ;
; Total registers                             ; 34        ;
;     -- Dedicated logic registers            ; 34        ;
;     -- I/O registers                        ; 0         ;
;                                             ;           ;
; I/O pins                                    ; 61        ;
;                                             ;           ;
; Embedded Multiplier 9-bit elements          ; 3         ;
;                                             ;           ;
; Maximum fan-out node                        ; clk~input ;
; Maximum fan-out                             ; 34        ;
; Total fan-out                               ; 297       ;
; Average fan-out                             ; 1.56      ;
+---------------------------------------------+-----------+


+-------------------------------------------------------------------------------------------------------------------------------------------------------------------------------------------------------------------------------------------------------------------------+
; Analysis & Synthesis Resource Utilization by Entity                                                                                                                                                                                                                     ;
+-------------------------------------+---------------------+---------------------------+-------------+--------------+---------+-----------+------+--------------+-----------------------------------------------------------------+-----------------------+--------------+
; Compilation Hierarchy Node          ; Combinational ALUTs ; Dedicated Logic Registers ; Memory Bits ; DSP Elements ; DSP 9x9 ; DSP 18x18 ; Pins ; Virtual Pins ; Full Hierarchy Name                                             ; Entity Name           ; Library Name ;
+-------------------------------------+---------------------+---------------------------+-------------+--------------+---------+-----------+------+--------------+-----------------------------------------------------------------+-----------------------+--------------+
; |Pipeline                           ; 30 (0)              ; 34 (4)                    ; 0           ; 3            ; 1       ; 1         ; 61   ; 0            ; |Pipeline                                                       ; Pipeline              ; work         ;
;    |EdgeDetector:enable|            ; 2 (2)               ; 2 (2)                     ; 0           ; 0            ; 0       ; 0         ; 0    ; 0            ; |Pipeline|EdgeDetector:enable                                   ; EdgeDetector          ; work         ;
;    |MyPipeline:ppl|                 ; 0 (0)               ; 26 (26)                   ; 0           ; 3            ; 1       ; 1         ; 0    ; 0            ; |Pipeline|MyPipeline:ppl                                        ; MyPipeline            ; work         ;
;       |lpm_mult:Mult0|              ; 0 (0)               ; 0 (0)                     ; 0           ; 1            ; 1       ; 0         ; 0    ; 0            ; |Pipeline|MyPipeline:ppl|lpm_mult:Mult0                         ; lpm_mult              ; work         ;
;          |mult_u9t:auto_generated|  ; 0 (0)               ; 0 (0)                     ; 0           ; 1            ; 1       ; 0         ; 0    ; 0            ; |Pipeline|MyPipeline:ppl|lpm_mult:Mult0|mult_u9t:auto_generated ; mult_u9t              ; work         ;
;       |lpm_mult:Mult1|              ; 0 (0)               ; 0 (0)                     ; 0           ; 2            ; 0       ; 1         ; 0    ; 0            ; |Pipeline|MyPipeline:ppl|lpm_mult:Mult1                         ; lpm_mult              ; work         ;
;          |mult_oct:auto_generated|  ; 0 (0)               ; 0 (0)                     ; 0           ; 2            ; 0       ; 1         ; 0    ; 0            ; |Pipeline|MyPipeline:ppl|lpm_mult:Mult1|mult_oct:auto_generated ; mult_oct              ; work         ;
;    |MySevenSegmentDisplay:Display1| ; 7 (7)               ; 0 (0)                     ; 0           ; 0            ; 0       ; 0         ; 0    ; 0            ; |Pipeline|MySevenSegmentDisplay:Display1                        ; MySevenSegmentDisplay ; work         ;
;    |MySevenSegmentDisplay:Display2| ; 7 (7)               ; 0 (0)                     ; 0           ; 0            ; 0       ; 0         ; 0    ; 0            ; |Pipeline|MySevenSegmentDisplay:Display2                        ; MySevenSegmentDisplay ; work         ;
;    |MySevenSegmentDisplay:Display3| ; 7 (7)               ; 0 (0)                     ; 0           ; 0            ; 0       ; 0         ; 0    ; 0            ; |Pipeline|MySevenSegmentDisplay:Display3                        ; MySevenSegmentDisplay ; work         ;
;    |MySevenSegmentDisplay:Display4| ; 7 (7)               ; 0 (0)                     ; 0           ; 0            ; 0       ; 0         ; 0    ; 0            ; |Pipeline|MySevenSegmentDisplay:Display4                        ; MySevenSegmentDisplay ; work         ;
;    |Syn:sync|                       ; 0 (0)               ; 2 (2)                     ; 0           ; 0            ; 0       ; 0         ; 0    ; 0            ; |Pipeline|Syn:sync                                              ; Syn                   ; work         ;
+-------------------------------------+---------------------+---------------------------+-------------+--------------+---------+-----------+------+--------------+-----------------------------------------------------------------+-----------------------+--------------+
Note: For table entries with two numbers listed, the numbers in parentheses indicate the number of resources of the given type used by the specific entity alone. The numbers listed outside of parentheses indicate the total resources of the given type used by the specific entity and all of its sub-entities in the hierarchy.


+-----------------------------------------------------+
; Analysis & Synthesis DSP Block Usage Summary        ;
+---------------------------------------+-------------+
; Statistic                             ; Number Used ;
+---------------------------------------+-------------+
; Simple Multipliers (9-bit)            ; 1           ;
; Simple Multipliers (18-bit)           ; 1           ;
; Embedded Multiplier Blocks            ; --          ;
; Embedded Multiplier 9-bit elements    ; 3           ;
; Signed Embedded Multipliers           ; 0           ;
; Unsigned Embedded Multipliers         ; 2           ;
; Mixed Sign Embedded Multipliers       ; 0           ;
; Variable Sign Embedded Multipliers    ; 0           ;
; Dedicated Input Shift Register Chains ; 0           ;
+---------------------------------------+-------------+
Note: number of Embedded Multiplier Blocks used is only available after a successful fit.


+--------------------------------------------------------------------------------+
; Registers Removed During Synthesis                                             ;
+---------------------------------------+----------------------------------------+
; Register name                         ; Reason for Removal                     ;
+---------------------------------------+----------------------------------------+
; MyPipeline:ppl|x2[0]                  ; Stuck at GND due to stuck port data_in ;
; MyPipeline:ppl|y[0,1]                 ; Stuck at GND due to stuck port data_in ;
; MyPipeline:ppl|x2[1]                  ; Stuck at GND due to stuck port data_in ;
; MyPipeline:ppl|y[2,3,5]               ; Stuck at GND due to stuck port data_in ;
; MyPipeline:ppl|x2[3]                  ; Stuck at GND due to stuck port data_in ;
; Total Number of Removed Registers = 8 ;                                        ;
+---------------------------------------+----------------------------------------+


+---------------------------------------------------------------------------------------------------------------------------------------+
; Removed Registers Triggering Further Register Optimizations                                                                           ;
+----------------------+---------------------------+------------------------------------------------------------------------------------+
; Register name        ; Reason for Removal        ; Registers Removed due to This Register                                             ;
+----------------------+---------------------------+------------------------------------------------------------------------------------+
; MyPipeline:ppl|x2[0] ; Stuck at GND              ; MyPipeline:ppl|y[0], MyPipeline:ppl|y[1], MyPipeline:ppl|y[2], MyPipeline:ppl|y[3] ;
;                      ; due to stuck port data_in ;                                                                                    ;
+----------------------+---------------------------+------------------------------------------------------------------------------------+


+------------------------------------------------------+
; General Register Statistics                          ;
+----------------------------------------------+-------+
; Statistic                                    ; Value ;
+----------------------------------------------+-------+
; Total registers                              ; 34    ;
; Number of registers using Synchronous Clear  ; 0     ;
; Number of registers using Synchronous Load   ; 0     ;
; Number of registers using Asynchronous Clear ; 0     ;
; Number of registers using Asynchronous Load  ; 0     ;
; Number of registers using Clock Enable       ; 4     ;
; Number of registers using Preset             ; 0     ;
+----------------------------------------------+-------+


+--------------------------------------------------+
; Inverted Register Statistics                     ;
+----------------------------------------+---------+
; Inverted Register                      ; Fan out ;
+----------------------------------------+---------+
; EdgeDetector:enable|curr               ; 2       ;
; EdgeDetector:enable|prev               ; 1       ;
; Total number of inverted registers = 2 ;         ;
+----------------------------------------+---------+


+-------------------------------------------------------------------------------------+
; Parameter Settings for Inferred Entity Instance: MyPipeline:ppl|lpm_mult:Mult1      ;
+------------------------------------------------+--------------+---------------------+
; Parameter Name                                 ; Value        ; Type                ;
+------------------------------------------------+--------------+---------------------+
; AUTO_CARRY_CHAINS                              ; ON           ; AUTO_CARRY          ;
; IGNORE_CARRY_BUFFERS                           ; OFF          ; IGNORE_CARRY        ;
; AUTO_CASCADE_CHAINS                            ; ON           ; AUTO_CASCADE        ;
; IGNORE_CASCADE_BUFFERS                         ; OFF          ; IGNORE_CASCADE      ;
; LPM_WIDTHA                                     ; 10           ; Untyped             ;
; LPM_WIDTHB                                     ; 10           ; Untyped             ;
; LPM_WIDTHP                                     ; 20           ; Untyped             ;
; LPM_WIDTHR                                     ; 20           ; Untyped             ;
; LPM_WIDTHS                                     ; 1            ; Untyped             ;
; LPM_REPRESENTATION                             ; UNSIGNED     ; Untyped             ;
; LPM_PIPELINE                                   ; 0            ; Untyped             ;
; LATENCY                                        ; 0            ; Untyped             ;
; INPUT_A_IS_CONSTANT                            ; NO           ; Untyped             ;
; INPUT_B_IS_CONSTANT                            ; NO           ; Untyped             ;
; USE_EAB                                        ; OFF          ; Untyped             ;
; MAXIMIZE_SPEED                                 ; 6            ; Untyped             ;
; DEVICE_FAMILY                                  ; Cyclone IV E ; Untyped             ;
; CARRY_CHAIN                                    ; MANUAL       ; Untyped             ;
; APEX20K_TECHNOLOGY_MAPPER                      ; LUT          ; TECH_MAPPER_APEX20K ;
; DEDICATED_MULTIPLIER_CIRCUITRY                 ; AUTO         ; Untyped             ;
; DEDICATED_MULTIPLIER_MIN_INPUT_WIDTH_FOR_AUTO  ; 0            ; Untyped             ;
; DEDICATED_MULTIPLIER_MIN_OUTPUT_WIDTH_FOR_AUTO ; 0            ; Untyped             ;
; CBXI_PARAMETER                                 ; mult_oct     ; Untyped             ;
; INPUT_A_FIXED_VALUE                            ; Bx           ; Untyped             ;
; INPUT_B_FIXED_VALUE                            ; Bx           ; Untyped             ;
; USE_AHDL_IMPLEMENTATION                        ; OFF          ; Untyped             ;
+------------------------------------------------+--------------+---------------------+
Note: In order to hide this table in the UI and the text report file, please set the "Show Parameter Settings in Synthesis Report" option in "Analysis and Synthesis Settings -> More Settings" to "Off".


+-------------------------------------------------------------------------------------+
; Parameter Settings for Inferred Entity Instance: MyPipeline:ppl|lpm_mult:Mult0      ;
+------------------------------------------------+--------------+---------------------+
; Parameter Name                                 ; Value        ; Type                ;
+------------------------------------------------+--------------+---------------------+
; AUTO_CARRY_CHAINS                              ; ON           ; AUTO_CARRY          ;
; IGNORE_CARRY_BUFFERS                           ; OFF          ; IGNORE_CARRY        ;
; AUTO_CASCADE_CHAINS                            ; ON           ; AUTO_CASCADE        ;
; IGNORE_CASCADE_BUFFERS                         ; OFF          ; IGNORE_CASCADE      ;
; LPM_WIDTHA                                     ; 5            ; Untyped             ;
; LPM_WIDTHB                                     ; 5            ; Untyped             ;
; LPM_WIDTHP                                     ; 10           ; Untyped             ;
; LPM_WIDTHR                                     ; 10           ; Untyped             ;
; LPM_WIDTHS                                     ; 1            ; Untyped             ;
; LPM_REPRESENTATION                             ; UNSIGNED     ; Untyped             ;
; LPM_PIPELINE                                   ; 0            ; Untyped             ;
; LATENCY                                        ; 0            ; Untyped             ;
; INPUT_A_IS_CONSTANT                            ; NO           ; Untyped             ;
; INPUT_B_IS_CONSTANT                            ; NO           ; Untyped             ;
; USE_EAB                                        ; OFF          ; Untyped             ;
; MAXIMIZE_SPEED                                 ; 5            ; Untyped             ;
; DEVICE_FAMILY                                  ; Cyclone IV E ; Untyped             ;
; CARRY_CHAIN                                    ; MANUAL       ; Untyped             ;
; APEX20K_TECHNOLOGY_MAPPER                      ; LUT          ; TECH_MAPPER_APEX20K ;
; DEDICATED_MULTIPLIER_CIRCUITRY                 ; AUTO         ; Untyped             ;
; DEDICATED_MULTIPLIER_MIN_INPUT_WIDTH_FOR_AUTO  ; 0            ; Untyped             ;
; DEDICATED_MULTIPLIER_MIN_OUTPUT_WIDTH_FOR_AUTO ; 0            ; Untyped             ;
; CBXI_PARAMETER                                 ; mult_u9t     ; Untyped             ;
; INPUT_A_FIXED_VALUE                            ; Bx           ; Untyped             ;
; INPUT_B_FIXED_VALUE                            ; Bx           ; Untyped             ;
; USE_AHDL_IMPLEMENTATION                        ; OFF          ; Untyped             ;
+------------------------------------------------+--------------+---------------------+
Note: In order to hide this table in the UI and the text report file, please set the "Show Parameter Settings in Synthesis Report" option in "Analysis and Synthesis Settings -> More Settings" to "Off".


+-----------------------------------------------------------------------+
; lpm_mult Parameter Settings by Entity Instance                        ;
+---------------------------------------+-------------------------------+
; Name                                  ; Value                         ;
+---------------------------------------+-------------------------------+
; Number of entity instances            ; 2                             ;
; Entity Instance                       ; MyPipeline:ppl|lpm_mult:Mult1 ;
;     -- LPM_WIDTHA                     ; 10                            ;
;     -- LPM_WIDTHB                     ; 10                            ;
;     -- LPM_WIDTHP                     ; 20                            ;
;     -- LPM_REPRESENTATION             ; UNSIGNED                      ;
;     -- INPUT_A_IS_CONSTANT            ; NO                            ;
;     -- INPUT_B_IS_CONSTANT            ; NO                            ;
;     -- USE_EAB                        ; OFF                           ;
;     -- DEDICATED_MULTIPLIER_CIRCUITRY ; AUTO                          ;
;     -- INPUT_A_FIXED_VALUE            ; Bx                            ;
;     -- INPUT_B_FIXED_VALUE            ; Bx                            ;
; Entity Instance                       ; MyPipeline:ppl|lpm_mult:Mult0 ;
;     -- LPM_WIDTHA                     ; 5                             ;
;     -- LPM_WIDTHB                     ; 5                             ;
;     -- LPM_WIDTHP                     ; 10                            ;
;     -- LPM_REPRESENTATION             ; UNSIGNED                      ;
;     -- INPUT_A_IS_CONSTANT            ; NO                            ;
;     -- INPUT_B_IS_CONSTANT            ; NO                            ;
;     -- USE_EAB                        ; OFF                           ;
;     -- DEDICATED_MULTIPLIER_CIRCUITRY ; AUTO                          ;
;     -- INPUT_A_FIXED_VALUE            ; Bx                            ;
;     -- INPUT_B_FIXED_VALUE            ; Bx                            ;
+---------------------------------------+-------------------------------+


+-----------------------------------------------------+
; Post-Synthesis Netlist Statistics for Top Partition ;
+-----------------------+-----------------------------+
; Type                  ; Count                       ;
+-----------------------+-----------------------------+
; boundary_port         ; 61                          ;
; cycloneiii_ff         ; 34                          ;
;     ENA               ; 4                           ;
;     plain             ; 30                          ;
; cycloneiii_lcell_comb ; 35                          ;
;     normal            ; 35                          ;
;         0 data inputs ; 2                           ;
;         1 data inputs ; 4                           ;
;         2 data inputs ; 1                           ;
;         3 data inputs ; 7                           ;
;         4 data inputs ; 21                          ;
; cycloneiii_mac_mult   ; 2                           ;
; cycloneiii_mac_out    ; 2                           ;
;                       ;                             ;
; Max LUT depth         ; 2.00                        ;
; Average LUT depth     ; 0.55                        ;
+-----------------------+-----------------------------+


+-------------------------------+
; Elapsed Time Per Partition    ;
+----------------+--------------+
; Partition Name ; Elapsed Time ;
+----------------+--------------+
; Top            ; 00:00:00     ;
+----------------+--------------+


+-------------------------------+
; Analysis & Synthesis Messages ;
+-------------------------------+
Info: *******************************************************************
Info: Running Quartus Prime Analysis & Synthesis
    Info: Version 18.1.0 Build 625 09/12/2018 SJ Lite Edition
    Info: Processing started: Thu Apr 01 16:59:39 2021
Info: Command: quartus_map --read_settings_files=on --write_settings_files=off Exercise2 -c Exercise2
Warning (18236): Number of processors has not been specified which may cause overloading on shared machines.  Set the global assignment NUM_PARALLEL_PROCESSORS in your QSF to an appropriate value for best performance.
Info (20030): Parallel compilation is enabled and will use 6 of the 6 processors detected
Info (12021): Found 5 design units, including 5 entities, in source file pipeline.v
    Info (12023): Found entity 1: MyPipeline File: C:/Users/cassi/Desktop/verilog code/WS4/Exercise2/Pipeline.v Line: 15
    Info (12023): Found entity 2: Syn File: C:/Users/cassi/Desktop/verilog code/WS4/Exercise2/Pipeline.v Line: 25
    Info (12023): Found entity 3: EdgeDetector File: C:/Users/cassi/Desktop/verilog code/WS4/Exercise2/Pipeline.v Line: 34
    Info (12023): Found entity 4: MySevenSegmentDisplay File: C:/Users/cassi/Desktop/verilog code/WS4/Exercise2/Pipeline.v Line: 43
    Info (12023): Found entity 5: Pipeline File: C:/Users/cassi/Desktop/verilog code/WS4/Exercise2/Pipeline.v Line: 66
Info (12021): Found 3 design units, including 3 entities, in source file test_pipeline.v
    Info (12023): Found entity 1: test_Syn File: C:/Users/cassi/Desktop/verilog code/WS4/Exercise2/test_Pipeline.v Line: 3
    Info (12023): Found entity 2: test_ED File: C:/Users/cassi/Desktop/verilog code/WS4/Exercise2/test_Pipeline.v Line: 25
    Info (12023): Found entity 3: test_Pipeline File: C:/Users/cassi/Desktop/verilog code/WS4/Exercise2/test_Pipeline.v Line: 49
Info (12127): Elaborating entity "Pipeline" for the top level hierarchy
Info (12128): Elaborating entity "Syn" for hierarchy "Syn:sync" File: C:/Users/cassi/Desktop/verilog code/WS4/Exercise2/Pipeline.v Line: 81
Info (12128): Elaborating entity "EdgeDetector" for hierarchy "EdgeDetector:enable" File: C:/Users/cassi/Desktop/verilog code/WS4/Exercise2/Pipeline.v Line: 82
Info (12128): Elaborating entity "MyPipeline" for hierarchy "MyPipeline:ppl" File: C:/Users/cassi/Desktop/verilog code/WS4/Exercise2/Pipeline.v Line: 83
Warning (10230): Verilog HDL assignment warning at Pipeline.v(17): truncated value with size 32 to match size of target (5) File: C:/Users/cassi/Desktop/verilog code/WS4/Exercise2/Pipeline.v Line: 17
Info (12128): Elaborating entity "MySevenSegmentDisplay" for hierarchy "MySevenSegmentDisplay:Display4" File: C:/Users/cassi/Desktop/verilog code/WS4/Exercise2/Pipeline.v Line: 88
Info (278001): Inferred 2 megafunctions from design logic
    Info (278003): Inferred multiplier megafunction ("lpm_mult") from the following logic: "MyPipeline:ppl|Mult1" File: C:/Users/cassi/Desktop/verilog code/WS4/Exercise2/Pipeline.v Line: 22
    Info (278003): Inferred multiplier megafunction ("lpm_mult") from the following logic: "MyPipeline:ppl|Mult0" File: C:/Users/cassi/Desktop/verilog code/WS4/Exercise2/Pipeline.v Line: 21
Info (12130): Elaborated megafunction instantiation "MyPipeline:ppl|lpm_mult:Mult1" File: C:/Users/cassi/Desktop/verilog code/WS4/Exercise2/Pipeline.v Line: 22
Info (12133): Instantiated megafunction "MyPipeline:ppl|lpm_mult:Mult1" with the following parameter: File: C:/Users/cassi/Desktop/verilog code/WS4/Exercise2/Pipeline.v Line: 22
    Info (12134): Parameter "LPM_WIDTHA" = "10"
    Info (12134): Parameter "LPM_WIDTHB" = "10"
    Info (12134): Parameter "LPM_WIDTHP" = "20"
    Info (12134): Parameter "LPM_WIDTHR" = "20"
    Info (12134): Parameter "LPM_WIDTHS" = "1"
    Info (12134): Parameter "LPM_REPRESENTATION" = "UNSIGNED"
    Info (12134): Parameter "INPUT_A_IS_CONSTANT" = "NO"
    Info (12134): Parameter "INPUT_B_IS_CONSTANT" = "NO"
    Info (12134): Parameter "MAXIMIZE_SPEED" = "6"
Info (12021): Found 1 design units, including 1 entities, in source file db/mult_oct.tdf
    Info (12023): Found entity 1: mult_oct File: C:/Users/cassi/Desktop/verilog code/WS4/Exercise2/db/mult_oct.tdf Line: 28
Info (12130): Elaborated megafunction instantiation "MyPipeline:ppl|lpm_mult:Mult0" File: C:/Users/cassi/Desktop/verilog code/WS4/Exercise2/Pipeline.v Line: 21
Info (12133): Instantiated megafunction "MyPipeline:ppl|lpm_mult:Mult0" with the following parameter: File: C:/Users/cassi/Desktop/verilog code/WS4/Exercise2/Pipeline.v Line: 21
    Info (12134): Parameter "LPM_WIDTHA" = "5"
    Info (12134): Parameter "LPM_WIDTHB" = "5"
    Info (12134): Parameter "LPM_WIDTHP" = "10"
    Info (12134): Parameter "LPM_WIDTHR" = "10"
    Info (12134): Parameter "LPM_WIDTHS" = "1"
    Info (12134): Parameter "LPM_REPRESENTATION" = "UNSIGNED"
    Info (12134): Parameter "INPUT_A_IS_CONSTANT" = "NO"
    Info (12134): Parameter "INPUT_B_IS_CONSTANT" = "NO"
    Info (12134): Parameter "MAXIMIZE_SPEED" = "5"
Info (12021): Found 1 design units, including 1 entities, in source file db/mult_u9t.tdf
    Info (12023): Found entity 1: mult_u9t File: C:/Users/cassi/Desktop/verilog code/WS4/Exercise2/db/mult_u9t.tdf Line: 28
Warning (13024): Output pins are stuck at VCC or GND
    Warning (13410): Pin "D0[0]" is stuck at GND File: C:/Users/cassi/Desktop/verilog code/WS4/Exercise2/Pipeline.v Line: 74
    Warning (13410): Pin "D0[1]" is stuck at GND File: C:/Users/cassi/Desktop/verilog code/WS4/Exercise2/Pipeline.v Line: 74
    Warning (13410): Pin "D0[2]" is stuck at GND File: C:/Users/cassi/Desktop/verilog code/WS4/Exercise2/Pipeline.v Line: 74
    Warning (13410): Pin "D0[3]" is stuck at GND File: C:/Users/cassi/Desktop/verilog code/WS4/Exercise2/Pipeline.v Line: 74
    Warning (13410): Pin "D0[4]" is stuck at GND File: C:/Users/cassi/Desktop/verilog code/WS4/Exercise2/Pipeline.v Line: 74
    Warning (13410): Pin "D0[5]" is stuck at GND File: C:/Users/cassi/Desktop/verilog code/WS4/Exercise2/Pipeline.v Line: 74
    Warning (13410): Pin "D0[6]" is stuck at VCC File: C:/Users/cassi/Desktop/verilog code/WS4/Exercise2/Pipeline.v Line: 74
    Warning (13410): Pin "yy[0]" is stuck at GND File: C:/Users/cassi/Desktop/verilog code/WS4/Exercise2/Pipeline.v Line: 75
    Warning (13410): Pin "yy[1]" is stuck at GND File: C:/Users/cassi/Desktop/verilog code/WS4/Exercise2/Pipeline.v Line: 75
    Warning (13410): Pin "yy[2]" is stuck at GND File: C:/Users/cassi/Desktop/verilog code/WS4/Exercise2/Pipeline.v Line: 75
    Warning (13410): Pin "yy[3]" is stuck at GND File: C:/Users/cassi/Desktop/verilog code/WS4/Exercise2/Pipeline.v Line: 75
    Warning (13410): Pin "yy[5]" is stuck at GND File: C:/Users/cassi/Desktop/verilog code/WS4/Exercise2/Pipeline.v Line: 75
Info (286030): Timing-Driven Synthesis is running
Info (16010): Generating hard_block partition "hard_block:auto_generated_inst"
    Info (16011): Adding 0 node(s), including 0 DDIO, 0 PLL, 0 transceiver and 0 LCELL
Info (21057): Implemented 127 device resources after synthesis - the final resource count might be different
    Info (21058): Implemented 6 input pins
    Info (21059): Implemented 55 output pins
    Info (21061): Implemented 63 logic cells
    Info (21062): Implemented 3 DSP elements
Info: Quartus Prime Analysis & Synthesis was successful. 0 errors, 15 warnings
    Info: Peak virtual memory: 4796 megabytes
    Info: Processing ended: Thu Apr 01 16:59:48 2021
    Info: Elapsed time: 00:00:09
    Info: Total CPU time (on all processors): 00:00:18


