Analysis & Synthesis report for MyComputer
Thu May 20 17:51:41 2021
Quartus Prime Version 18.1.0 Build 625 09/12/2018 SJ Lite Edition


---------------------
; Table of Contents ;
---------------------
  1. Legal Notice
  2. Analysis & Synthesis Summary
  3. Analysis & Synthesis Settings
  4. Parallel Compilation
  5. Analysis & Synthesis Source Files Read
  6. Analysis & Synthesis Resource Usage Summary
  7. Analysis & Synthesis Resource Utilization by Entity
  8. Analysis & Synthesis DSP Block Usage Summary
  9. General Register Statistics
 10. Inverted Register Statistics
 11. Multiplexer Restructuring Statistics (Restructuring Performed)
 12. Parameter Settings for User Entity Instance: Debounce:db|Synchroniser:sync
 13. Parameter Settings for User Entity Instance: CPU:cpu|Synchroniser:sync_din
 14. Parameter Settings for User Entity Instance: CPU:cpu|Synchroniser:sync_btns
 15. Parameter Settings for User Entity Instance: CPU:cpu|Synchroniser:tbo
 16. Parameter Settings for Inferred Entity Instance: Disp2cNum:dnum|DispDec:dd0|lpm_divide:Mod0
 17. Parameter Settings for Inferred Entity Instance: Disp2cNum:dnum|DispDec:dd0|lpm_divide:Div0
 18. Parameter Settings for Inferred Entity Instance: Disp2cNum:dnum|DispDec:dd1|lpm_divide:Mod0
 19. Parameter Settings for Inferred Entity Instance: Disp2cNum:dnum|DispDec:dd1|lpm_divide:Div0
 20. Parameter Settings for Inferred Entity Instance: Disp2cNum:dnum|DispDec:dd2|lpm_divide:Mod0
 21. Port Connectivity Checks: "DispHex:dh|SSeg:disp1"
 22. Port Connectivity Checks: "DispHex:dh|SSeg:disp0"
 23. Port Connectivity Checks: "Disp2cNum:dnum|DispDec:dd3"
 24. Post-Synthesis Netlist Statistics for Top Partition
 25. Elapsed Time Per Partition
 26. Analysis & Synthesis Messages
 27. Analysis & Synthesis Suppressed Messages



----------------
; Legal Notice ;
----------------
Copyright (C) 2018  Intel Corporation. All rights reserved.
Your use of Intel Corporation's design tools, logic functions 
and other software and tools, and its AMPP partner logic 
functions, and any output files from any of the foregoing 
(including device programming or simulation files), and any 
associated documentation or information are expressly subject 
to the terms and conditions of the Intel Program License 
Subscription Agreement, the Intel Quartus Prime License Agreement,
the Intel FPGA IP License Agreement, or other applicable license
agreement, including, without limitation, that your use is for
the sole purpose of programming logic devices manufactured by
Intel and sold by Intel or its authorized distributors.  Please
refer to the applicable agreement for further details.



+-------------------------------------------------------------------------------+
; Analysis & Synthesis Summary                                                  ;
+---------------------------------+---------------------------------------------+
; Analysis & Synthesis Status     ; Successful - Thu May 20 17:51:41 2021       ;
; Quartus Prime Version           ; 18.1.0 Build 625 09/12/2018 SJ Lite Edition ;
; Revision Name                   ; MyComputer                                  ;
; Top-level Entity Name           ; MyComputer                                  ;
; Family                          ; Cyclone V                                   ;
; Logic utilization (in ALMs)     ; N/A                                         ;
; Total registers                 ; 382                                         ;
; Total pins                      ; 67                                          ;
; Total virtual pins              ; 0                                           ;
; Total block memory bits         ; 0                                           ;
; Total DSP Blocks                ; 2                                           ;
; Total HSSI RX PCSs              ; 0                                           ;
; Total HSSI PMA RX Deserializers ; 0                                           ;
; Total HSSI TX PCSs              ; 0                                           ;
; Total HSSI PMA TX Serializers   ; 0                                           ;
; Total PLLs                      ; 0                                           ;
; Total DLLs                      ; 0                                           ;
+---------------------------------+---------------------------------------------+


+---------------------------------------------------------------------------------------------------------------------------+
; Analysis & Synthesis Settings                                                                                             ;
+---------------------------------------------------------------------------------+--------------------+--------------------+
; Option                                                                          ; Setting            ; Default Value      ;
+---------------------------------------------------------------------------------+--------------------+--------------------+
; Device                                                                          ; 5CSEMA5F31C6       ;                    ;
; Top-level entity name                                                           ; MyComputer         ; MyComputer         ;
; Family name                                                                     ; Cyclone V          ; Cyclone V          ;
; Use smart compilation                                                           ; Off                ; Off                ;
; Enable parallel Assembler and Timing Analyzer during compilation                ; On                 ; On                 ;
; Enable compact report table                                                     ; Off                ; Off                ;
; Restructure Multiplexers                                                        ; Auto               ; Auto               ;
; MLAB Add Timing Constraints For Mixed-Port Feed-Through Mode Setting Don't Care ; Off                ; Off                ;
; Create Debugging Nodes for IP Cores                                             ; Off                ; Off                ;
; Preserve fewer node names                                                       ; On                 ; On                 ;
; Intel FPGA IP Evaluation Mode                                                   ; Enable             ; Enable             ;
; Verilog Version                                                                 ; Verilog_2001       ; Verilog_2001       ;
; VHDL Version                                                                    ; VHDL_1993          ; VHDL_1993          ;
; State Machine Processing                                                        ; Auto               ; Auto               ;
; Safe State Machine                                                              ; Off                ; Off                ;
; Extract Verilog State Machines                                                  ; On                 ; On                 ;
; Extract VHDL State Machines                                                     ; On                 ; On                 ;
; Ignore Verilog initial constructs                                               ; Off                ; Off                ;
; Iteration limit for constant Verilog loops                                      ; 5000               ; 5000               ;
; Iteration limit for non-constant Verilog loops                                  ; 250                ; 250                ;
; Add Pass-Through Logic to Inferred RAMs                                         ; On                 ; On                 ;
; Infer RAMs from Raw Logic                                                       ; On                 ; On                 ;
; Parallel Synthesis                                                              ; On                 ; On                 ;
; DSP Block Balancing                                                             ; Auto               ; Auto               ;
; NOT Gate Push-Back                                                              ; On                 ; On                 ;
; Power-Up Don't Care                                                             ; On                 ; On                 ;
; Remove Redundant Logic Cells                                                    ; Off                ; Off                ;
; Remove Duplicate Registers                                                      ; On                 ; On                 ;
; Ignore CARRY Buffers                                                            ; Off                ; Off                ;
; Ignore CASCADE Buffers                                                          ; Off                ; Off                ;
; Ignore GLOBAL Buffers                                                           ; Off                ; Off                ;
; Ignore ROW GLOBAL Buffers                                                       ; Off                ; Off                ;
; Ignore LCELL Buffers                                                            ; Off                ; Off                ;
; Ignore SOFT Buffers                                                             ; On                 ; On                 ;
; Limit AHDL Integers to 32 Bits                                                  ; Off                ; Off                ;
; Optimization Technique                                                          ; Balanced           ; Balanced           ;
; Carry Chain Length                                                              ; 70                 ; 70                 ;
; Auto Carry Chains                                                               ; On                 ; On                 ;
; Auto Open-Drain Pins                                                            ; On                 ; On                 ;
; Perform WYSIWYG Primitive Resynthesis                                           ; Off                ; Off                ;
; Auto ROM Replacement                                                            ; On                 ; On                 ;
; Auto RAM Replacement                                                            ; On                 ; On                 ;
; Auto DSP Block Replacement                                                      ; On                 ; On                 ;
; Auto Shift Register Replacement                                                 ; Auto               ; Auto               ;
; Allow Shift Register Merging across Hierarchies                                 ; Auto               ; Auto               ;
; Auto Clock Enable Replacement                                                   ; On                 ; On                 ;
; Strict RAM Replacement                                                          ; Off                ; Off                ;
; Allow Synchronous Control Signals                                               ; On                 ; On                 ;
; Force Use of Synchronous Clear Signals                                          ; Off                ; Off                ;
; Auto Resource Sharing                                                           ; Off                ; Off                ;
; Allow Any RAM Size For Recognition                                              ; Off                ; Off                ;
; Allow Any ROM Size For Recognition                                              ; Off                ; Off                ;
; Allow Any Shift Register Size For Recognition                                   ; Off                ; Off                ;
; Use LogicLock Constraints during Resource Balancing                             ; On                 ; On                 ;
; Ignore translate_off and synthesis_off directives                               ; Off                ; Off                ;
; Timing-Driven Synthesis                                                         ; On                 ; On                 ;
; Report Parameter Settings                                                       ; On                 ; On                 ;
; Report Source Assignments                                                       ; On                 ; On                 ;
; Report Connectivity Checks                                                      ; On                 ; On                 ;
; Ignore Maximum Fan-Out Assignments                                              ; Off                ; Off                ;
; Synchronization Register Chain Length                                           ; 3                  ; 3                  ;
; Power Optimization During Synthesis                                             ; Normal compilation ; Normal compilation ;
; HDL message level                                                               ; Level2             ; Level2             ;
; Suppress Register Optimization Related Messages                                 ; Off                ; Off                ;
; Number of Removed Registers Reported in Synthesis Report                        ; 5000               ; 5000               ;
; Number of Swept Nodes Reported in Synthesis Report                              ; 5000               ; 5000               ;
; Number of Inverted Registers Reported in Synthesis Report                       ; 100                ; 100                ;
; Clock MUX Protection                                                            ; On                 ; On                 ;
; Auto Gated Clock Conversion                                                     ; Off                ; Off                ;
; Block Design Naming                                                             ; Auto               ; Auto               ;
; SDC constraint protection                                                       ; Off                ; Off                ;
; Synthesis Effort                                                                ; Auto               ; Auto               ;
; Shift Register Replacement - Allow Asynchronous Clear Signal                    ; On                 ; On                 ;
; Pre-Mapping Resynthesis Optimization                                            ; Off                ; Off                ;
; Analysis & Synthesis Message Level                                              ; Medium             ; Medium             ;
; Disable Register Merging Across Hierarchies                                     ; Auto               ; Auto               ;
; Resource Aware Inference For Block RAM                                          ; On                 ; On                 ;
; Automatic Parallel Synthesis                                                    ; On                 ; On                 ;
; Partial Reconfiguration Bitstream ID                                            ; Off                ; Off                ;
+---------------------------------------------------------------------------------+--------------------+--------------------+


+------------------------------------------+
; Parallel Compilation                     ;
+----------------------------+-------------+
; Processors                 ; Number      ;
+----------------------------+-------------+
; Number detected on machine ; 8           ;
; Maximum allowed            ; 8           ;
;                            ;             ;
; Average used               ; 1.00        ;
; Maximum used               ; 8           ;
;                            ;             ;
; Usage by Processor         ; % Time Used ;
;     Processor 1            ; 100.0%      ;
;     Processor 2            ;   0.0%      ;
;     Processor 3            ;   0.0%      ;
;     Processor 4            ;   0.0%      ;
;     Processor 5            ;   0.0%      ;
;     Processor 6            ;   0.0%      ;
;     Processor 7            ;   0.0%      ;
;     Processor 8            ;   0.0%      ;
+----------------------------+-------------+


+--------------------------------------------------------------------------------------------------------------------------------------------------------------------------+
; Analysis & Synthesis Source Files Read                                                                                                                                   ;
+----------------------------------+-----------------+------------------------------+----------------------------------------------------------------------------+---------+
; File Name with User-Entered Path ; Used in Netlist ; File Type                    ; File Name with Absolute Path                                               ; Library ;
+----------------------------------+-----------------+------------------------------+----------------------------------------------------------------------------+---------+
; CPU.vh                           ; yes             ; User Unspecified File        ; C:/Users/leqin/DSD_Project_2021/MyComputer/CPU.vh                          ;         ;
; ROM.v                            ; yes             ; User Verilog HDL File        ; C:/Users/leqin/DSD_Project_2021/MyComputer/ROM.v                           ;         ;
; MyComputer.v                     ; yes             ; User Verilog HDL File        ; C:/Users/leqin/DSD_Project_2021/MyComputer/MyComputer.v                    ;         ;
; CPU.v                            ; yes             ; User Verilog HDL File        ; C:/Users/leqin/DSD_Project_2021/MyComputer/CPU.v                           ;         ;
; AuxMod.v                         ; yes             ; User Verilog HDL File        ; C:/Users/leqin/DSD_Project_2021/MyComputer/AuxMod.v                        ;         ;
; lpm_divide.tdf                   ; yes             ; Megafunction                 ; c:/intelfpga_lite/18.1/quartus/libraries/megafunctions/lpm_divide.tdf      ;         ;
; abs_divider.inc                  ; yes             ; Megafunction                 ; c:/intelfpga_lite/18.1/quartus/libraries/megafunctions/abs_divider.inc     ;         ;
; sign_div_unsign.inc              ; yes             ; Megafunction                 ; c:/intelfpga_lite/18.1/quartus/libraries/megafunctions/sign_div_unsign.inc ;         ;
; aglobal181.inc                   ; yes             ; Megafunction                 ; c:/intelfpga_lite/18.1/quartus/libraries/megafunctions/aglobal181.inc      ;         ;
; db/lpm_divide_82m.tdf            ; yes             ; Auto-Generated Megafunction  ; C:/Users/leqin/DSD_Project_2021/MyComputer/db/lpm_divide_82m.tdf           ;         ;
; db/sign_div_unsign_bkh.tdf       ; yes             ; Auto-Generated Megafunction  ; C:/Users/leqin/DSD_Project_2021/MyComputer/db/sign_div_unsign_bkh.tdf      ;         ;
; db/alt_u_div_sse.tdf             ; yes             ; Auto-Generated Megafunction  ; C:/Users/leqin/DSD_Project_2021/MyComputer/db/alt_u_div_sse.tdf            ;         ;
; db/lpm_divide_5am.tdf            ; yes             ; Auto-Generated Megafunction  ; C:/Users/leqin/DSD_Project_2021/MyComputer/db/lpm_divide_5am.tdf           ;         ;
+----------------------------------+-----------------+------------------------------+----------------------------------------------------------------------------+---------+


+-----------------------------------------------------------+
; Analysis & Synthesis Resource Usage Summary               ;
+---------------------------------------------+-------------+
; Resource                                    ; Usage       ;
+---------------------------------------------+-------------+
; Estimate of Logic utilization (ALMs needed) ; 622         ;
;                                             ;             ;
; Combinational ALUT usage for logic          ; 840         ;
;     -- 7 input functions                    ; 6           ;
;     -- 6 input functions                    ; 274         ;
;     -- 5 input functions                    ; 140         ;
;     -- 4 input functions                    ; 96          ;
;     -- <=3 input functions                  ; 324         ;
;                                             ;             ;
; Dedicated logic registers                   ; 382         ;
;                                             ;             ;
; I/O pins                                    ; 67          ;
;                                             ;             ;
; Total DSP Blocks                            ; 2           ;
;                                             ;             ;
; Maximum fan-out node                        ; Clock~input ;
; Maximum fan-out                             ; 382         ;
; Total fan-out                               ; 5049        ;
; Average fan-out                             ; 3.72        ;
+---------------------------------------------+-------------+


+-------------------------------------------------------------------------------------------------------------------------------------------------------------------------------------------------------------------------------------------------------------------------------------------------------------------------------------+
; Analysis & Synthesis Resource Utilization by Entity                                                                                                                                                                                                                                                                                 ;
+----------------------------------------------+---------------------+---------------------------+-------------------+------------+------+--------------+----------------------------------------------------------------------------------------------------------------------------------------+---------------------+--------------+
; Compilation Hierarchy Node                   ; Combinational ALUTs ; Dedicated Logic Registers ; Block Memory Bits ; DSP Blocks ; Pins ; Virtual Pins ; Full Hierarchy Name                                                                                                                    ; Entity Name         ; Library Name ;
+----------------------------------------------+---------------------+---------------------------+-------------------+------------+------+--------------+----------------------------------------------------------------------------------------------------------------------------------------+---------------------+--------------+
; |MyComputer                                  ; 840 (0)             ; 382 (0)                   ; 0                 ; 2          ; 67   ; 0            ; |MyComputer                                                                                                                            ; MyComputer          ; work         ;
;    |CPU:cpu|                                 ; 552 (456)           ; 358 (328)                 ; 0                 ; 2          ; 0    ; 0            ; |MyComputer|CPU:cpu                                                                                                                    ; CPU                 ; work         ;
;       |AsyncROM:Pmem|                        ; 93 (93)             ; 0 (0)                     ; 0                 ; 0          ; 0    ; 0            ; |MyComputer|CPU:cpu|AsyncROM:Pmem                                                                                                      ; AsyncROM            ; work         ;
;       |DetectFallingEdge:pb[0].dfe|          ; 0 (0)               ; 1 (1)                     ; 0                 ; 0          ; 0    ; 0            ; |MyComputer|CPU:cpu|DetectFallingEdge:pb[0].dfe                                                                                        ; DetectFallingEdge   ; work         ;
;       |DetectFallingEdge:pb[1].dfe|          ; 0 (0)               ; 1 (1)                     ; 0                 ; 0          ; 0    ; 0            ; |MyComputer|CPU:cpu|DetectFallingEdge:pb[1].dfe                                                                                        ; DetectFallingEdge   ; work         ;
;       |DetectFallingEdge:pb[2].dfe|          ; 0 (0)               ; 1 (1)                     ; 0                 ; 0          ; 0    ; 0            ; |MyComputer|CPU:cpu|DetectFallingEdge:pb[2].dfe                                                                                        ; DetectFallingEdge   ; work         ;
;       |DetectFallingEdge:pb[3].dfe|          ; 0 (0)               ; 1 (1)                     ; 0                 ; 0          ; 0    ; 0            ; |MyComputer|CPU:cpu|DetectFallingEdge:pb[3].dfe                                                                                        ; DetectFallingEdge   ; work         ;
;       |Synchroniser:sync_btns|               ; 3 (3)               ; 8 (8)                     ; 0                 ; 0          ; 0    ; 0            ; |MyComputer|CPU:cpu|Synchroniser:sync_btns                                                                                             ; Synchroniser        ; work         ;
;       |Synchroniser:sync_din|                ; 0 (0)               ; 16 (16)                   ; 0                 ; 0          ; 0    ; 0            ; |MyComputer|CPU:cpu|Synchroniser:sync_din                                                                                              ; Synchroniser        ; work         ;
;       |Synchroniser:tbo|                     ; 0 (0)               ; 2 (2)                     ; 0                 ; 0          ; 0    ; 0            ; |MyComputer|CPU:cpu|Synchroniser:tbo                                                                                                   ; Synchroniser        ; work         ;
;    |Debounce:db|                             ; 29 (29)             ; 24 (22)                   ; 0                 ; 0          ; 0    ; 0            ; |MyComputer|Debounce:db                                                                                                                ; Debounce            ; work         ;
;       |Synchroniser:sync|                    ; 0 (0)               ; 2 (2)                     ; 0                 ; 0          ; 0    ; 0            ; |MyComputer|Debounce:db|Synchroniser:sync                                                                                              ; Synchroniser        ; work         ;
;    |Disp2cNum:dnum|                          ; 245 (12)            ; 0 (0)                     ; 0                 ; 0          ; 0    ; 0            ; |MyComputer|Disp2cNum:dnum                                                                                                             ; Disp2cNum           ; work         ;
;       |DispDec:dd0|                          ; 113 (3)             ; 0 (0)                     ; 0                 ; 0          ; 0    ; 0            ; |MyComputer|Disp2cNum:dnum|DispDec:dd0                                                                                                 ; DispDec             ; work         ;
;          |SSeg:converter|                    ; 8 (8)               ; 0 (0)                     ; 0                 ; 0          ; 0    ; 0            ; |MyComputer|Disp2cNum:dnum|DispDec:dd0|SSeg:converter                                                                                  ; SSeg                ; work         ;
;          |lpm_divide:Div0|                   ; 49 (0)              ; 0 (0)                     ; 0                 ; 0          ; 0    ; 0            ; |MyComputer|Disp2cNum:dnum|DispDec:dd0|lpm_divide:Div0                                                                                 ; lpm_divide          ; work         ;
;             |lpm_divide_5am:auto_generated|  ; 49 (0)              ; 0 (0)                     ; 0                 ; 0          ; 0    ; 0            ; |MyComputer|Disp2cNum:dnum|DispDec:dd0|lpm_divide:Div0|lpm_divide_5am:auto_generated                                                   ; lpm_divide_5am      ; work         ;
;                |sign_div_unsign_bkh:divider| ; 49 (0)              ; 0 (0)                     ; 0                 ; 0          ; 0    ; 0            ; |MyComputer|Disp2cNum:dnum|DispDec:dd0|lpm_divide:Div0|lpm_divide_5am:auto_generated|sign_div_unsign_bkh:divider                       ; sign_div_unsign_bkh ; work         ;
;                   |alt_u_div_sse:divider|    ; 49 (49)             ; 0 (0)                     ; 0                 ; 0          ; 0    ; 0            ; |MyComputer|Disp2cNum:dnum|DispDec:dd0|lpm_divide:Div0|lpm_divide_5am:auto_generated|sign_div_unsign_bkh:divider|alt_u_div_sse:divider ; alt_u_div_sse       ; work         ;
;          |lpm_divide:Mod0|                   ; 53 (0)              ; 0 (0)                     ; 0                 ; 0          ; 0    ; 0            ; |MyComputer|Disp2cNum:dnum|DispDec:dd0|lpm_divide:Mod0                                                                                 ; lpm_divide          ; work         ;
;             |lpm_divide_82m:auto_generated|  ; 53 (0)              ; 0 (0)                     ; 0                 ; 0          ; 0    ; 0            ; |MyComputer|Disp2cNum:dnum|DispDec:dd0|lpm_divide:Mod0|lpm_divide_82m:auto_generated                                                   ; lpm_divide_82m      ; work         ;
;                |sign_div_unsign_bkh:divider| ; 53 (0)              ; 0 (0)                     ; 0                 ; 0          ; 0    ; 0            ; |MyComputer|Disp2cNum:dnum|DispDec:dd0|lpm_divide:Mod0|lpm_divide_82m:auto_generated|sign_div_unsign_bkh:divider                       ; sign_div_unsign_bkh ; work         ;
;                   |alt_u_div_sse:divider|    ; 53 (53)             ; 0 (0)                     ; 0                 ; 0          ; 0    ; 0            ; |MyComputer|Disp2cNum:dnum|DispDec:dd0|lpm_divide:Mod0|lpm_divide_82m:auto_generated|sign_div_unsign_bkh:divider|alt_u_div_sse:divider ; alt_u_div_sse       ; work         ;
;       |DispDec:dd1|                          ; 82 (1)              ; 0 (0)                     ; 0                 ; 0          ; 0    ; 0            ; |MyComputer|Disp2cNum:dnum|DispDec:dd1                                                                                                 ; DispDec             ; work         ;
;          |SSeg:converter|                    ; 9 (9)               ; 0 (0)                     ; 0                 ; 0          ; 0    ; 0            ; |MyComputer|Disp2cNum:dnum|DispDec:dd1|SSeg:converter                                                                                  ; SSeg                ; work         ;
;          |lpm_divide:Div0|                   ; 34 (0)              ; 0 (0)                     ; 0                 ; 0          ; 0    ; 0            ; |MyComputer|Disp2cNum:dnum|DispDec:dd1|lpm_divide:Div0                                                                                 ; lpm_divide          ; work         ;
;             |lpm_divide_5am:auto_generated|  ; 34 (0)              ; 0 (0)                     ; 0                 ; 0          ; 0    ; 0            ; |MyComputer|Disp2cNum:dnum|DispDec:dd1|lpm_divide:Div0|lpm_divide_5am:auto_generated                                                   ; lpm_divide_5am      ; work         ;
;                |sign_div_unsign_bkh:divider| ; 34 (0)              ; 0 (0)                     ; 0                 ; 0          ; 0    ; 0            ; |MyComputer|Disp2cNum:dnum|DispDec:dd1|lpm_divide:Div0|lpm_divide_5am:auto_generated|sign_div_unsign_bkh:divider                       ; sign_div_unsign_bkh ; work         ;
;                   |alt_u_div_sse:divider|    ; 34 (34)             ; 0 (0)                     ; 0                 ; 0          ; 0    ; 0            ; |MyComputer|Disp2cNum:dnum|DispDec:dd1|lpm_divide:Div0|lpm_divide_5am:auto_generated|sign_div_unsign_bkh:divider|alt_u_div_sse:divider ; alt_u_div_sse       ; work         ;
;          |lpm_divide:Mod0|                   ; 38 (0)              ; 0 (0)                     ; 0                 ; 0          ; 0    ; 0            ; |MyComputer|Disp2cNum:dnum|DispDec:dd1|lpm_divide:Mod0                                                                                 ; lpm_divide          ; work         ;
;             |lpm_divide_82m:auto_generated|  ; 38 (0)              ; 0 (0)                     ; 0                 ; 0          ; 0    ; 0            ; |MyComputer|Disp2cNum:dnum|DispDec:dd1|lpm_divide:Mod0|lpm_divide_82m:auto_generated                                                   ; lpm_divide_82m      ; work         ;
;                |sign_div_unsign_bkh:divider| ; 38 (0)              ; 0 (0)                     ; 0                 ; 0          ; 0    ; 0            ; |MyComputer|Disp2cNum:dnum|DispDec:dd1|lpm_divide:Mod0|lpm_divide_82m:auto_generated|sign_div_unsign_bkh:divider                       ; sign_div_unsign_bkh ; work         ;
;                   |alt_u_div_sse:divider|    ; 38 (38)             ; 0 (0)                     ; 0                 ; 0          ; 0    ; 0            ; |MyComputer|Disp2cNum:dnum|DispDec:dd1|lpm_divide:Mod0|lpm_divide_82m:auto_generated|sign_div_unsign_bkh:divider|alt_u_div_sse:divider ; alt_u_div_sse       ; work         ;
;       |DispDec:dd2|                          ; 38 (2)              ; 0 (0)                     ; 0                 ; 0          ; 0    ; 0            ; |MyComputer|Disp2cNum:dnum|DispDec:dd2                                                                                                 ; DispDec             ; work         ;
;          |SSeg:converter|                    ; 9 (9)               ; 0 (0)                     ; 0                 ; 0          ; 0    ; 0            ; |MyComputer|Disp2cNum:dnum|DispDec:dd2|SSeg:converter                                                                                  ; SSeg                ; work         ;
;          |lpm_divide:Mod0|                   ; 27 (0)              ; 0 (0)                     ; 0                 ; 0          ; 0    ; 0            ; |MyComputer|Disp2cNum:dnum|DispDec:dd2|lpm_divide:Mod0                                                                                 ; lpm_divide          ; work         ;
;             |lpm_divide_82m:auto_generated|  ; 27 (0)              ; 0 (0)                     ; 0                 ; 0          ; 0    ; 0            ; |MyComputer|Disp2cNum:dnum|DispDec:dd2|lpm_divide:Mod0|lpm_divide_82m:auto_generated                                                   ; lpm_divide_82m      ; work         ;
;                |sign_div_unsign_bkh:divider| ; 27 (0)              ; 0 (0)                     ; 0                 ; 0          ; 0    ; 0            ; |MyComputer|Disp2cNum:dnum|DispDec:dd2|lpm_divide:Mod0|lpm_divide_82m:auto_generated|sign_div_unsign_bkh:divider                       ; sign_div_unsign_bkh ; work         ;
;                   |alt_u_div_sse:divider|    ; 27 (27)             ; 0 (0)                     ; 0                 ; 0          ; 0    ; 0            ; |MyComputer|Disp2cNum:dnum|DispDec:dd2|lpm_divide:Mod0|lpm_divide_82m:auto_generated|sign_div_unsign_bkh:divider|alt_u_div_sse:divider ; alt_u_div_sse       ; work         ;
;    |DispHex:dh|                              ; 14 (0)              ; 0 (0)                     ; 0                 ; 0          ; 0    ; 0            ; |MyComputer|DispHex:dh                                                                                                                 ; DispHex             ; work         ;
;       |SSeg:disp0|                           ; 7 (7)               ; 0 (0)                     ; 0                 ; 0          ; 0    ; 0            ; |MyComputer|DispHex:dh|SSeg:disp0                                                                                                      ; SSeg                ; work         ;
;       |SSeg:disp1|                           ; 7 (7)               ; 0 (0)                     ; 0                 ; 0          ; 0    ; 0            ; |MyComputer|DispHex:dh|SSeg:disp1                                                                                                      ; SSeg                ; work         ;
+----------------------------------------------+---------------------+---------------------------+-------------------+------------+------+--------------+----------------------------------------------------------------------------------------------------------------------------------------+---------------------+--------------+
Note: For table entries with two numbers listed, the numbers in parentheses indicate the number of resources of the given type used by the specific entity alone. The numbers listed outside of parentheses indicate the total resources of the given type used by the specific entity and all of its sub-entities in the hierarchy.


+-----------------------------------------------+
; Analysis & Synthesis DSP Block Usage Summary  ;
+---------------------------------+-------------+
; Statistic                       ; Number Used ;
+---------------------------------+-------------+
; Independent 9x9                 ; 2           ;
; Total number of DSP blocks      ; 2           ;
;                                 ;             ;
; Fixed Point Signed Multiplier   ; 1           ;
; Fixed Point Unsigned Multiplier ; 1           ;
+---------------------------------+-------------+


+------------------------------------------------------+
; General Register Statistics                          ;
+----------------------------------------------+-------+
; Statistic                                    ; Value ;
+----------------------------------------------+-------+
; Total registers                              ; 382   ;
; Number of registers using Synchronous Clear  ; 59    ;
; Number of registers using Synchronous Load   ; 112   ;
; Number of registers using Asynchronous Clear ; 0     ;
; Number of registers using Asynchronous Load  ; 0     ;
; Number of registers using Clock Enable       ; 291   ;
; Number of registers using Preset             ; 0     ;
+----------------------------------------------+-------+


+--------------------------------------------------+
; Inverted Register Statistics                     ;
+----------------------------------------+---------+
; Inverted Register                      ; Fan out ;
+----------------------------------------+---------+
; CPU:cpu|cnt[0]                         ; 2       ;
; Total number of inverted registers = 1 ;         ;
+----------------------------------------+---------+


+-----------------------------------------------------------------------------------------------------------------------------------------------------------------------------+
; Multiplexer Restructuring Statistics (Restructuring Performed)                                                                                                              ;
+--------------------+-----------+---------------+----------------------+------------------------+------------+---------------------------------------------------------------+
; Multiplexer Inputs ; Bus Width ; Baseline Area ; Area if Restructured ; Saving if Restructured ; Registered ; Example Multiplexer Output                                    ;
+--------------------+-----------+---------------+----------------------+------------------------+------------+---------------------------------------------------------------+
; 3:1                ; 8 bits    ; 16 LEs        ; 0 LEs                ; 16 LEs                 ; Yes        ; |MyComputer|CPU:cpu|Reg[23][2]                                ;
; 3:1                ; 8 bits    ; 16 LEs        ; 0 LEs                ; 16 LEs                 ; Yes        ; |MyComputer|CPU:cpu|Reg[22][3]                                ;
; 3:1                ; 8 bits    ; 16 LEs        ; 0 LEs                ; 16 LEs                 ; Yes        ; |MyComputer|CPU:cpu|Reg[21][1]                                ;
; 3:1                ; 8 bits    ; 16 LEs        ; 0 LEs                ; 16 LEs                 ; Yes        ; |MyComputer|CPU:cpu|Reg[20][1]                                ;
; 3:1                ; 8 bits    ; 16 LEs        ; 0 LEs                ; 16 LEs                 ; Yes        ; |MyComputer|CPU:cpu|Reg[19][5]                                ;
; 3:1                ; 8 bits    ; 16 LEs        ; 0 LEs                ; 16 LEs                 ; Yes        ; |MyComputer|CPU:cpu|Reg[18][1]                                ;
; 3:1                ; 8 bits    ; 16 LEs        ; 0 LEs                ; 16 LEs                 ; Yes        ; |MyComputer|CPU:cpu|Reg[17][0]                                ;
; 3:1                ; 8 bits    ; 16 LEs        ; 0 LEs                ; 16 LEs                 ; Yes        ; |MyComputer|CPU:cpu|Reg[16][0]                                ;
; 3:1                ; 8 bits    ; 16 LEs        ; 0 LEs                ; 16 LEs                 ; Yes        ; |MyComputer|CPU:cpu|Reg[15][3]                                ;
; 3:1                ; 8 bits    ; 16 LEs        ; 0 LEs                ; 16 LEs                 ; Yes        ; |MyComputer|CPU:cpu|Reg[14][2]                                ;
; 3:1                ; 8 bits    ; 16 LEs        ; 0 LEs                ; 16 LEs                 ; Yes        ; |MyComputer|CPU:cpu|Reg[13][3]                                ;
; 3:1                ; 8 bits    ; 16 LEs        ; 0 LEs                ; 16 LEs                 ; Yes        ; |MyComputer|CPU:cpu|Reg[12][2]                                ;
; 3:1                ; 8 bits    ; 16 LEs        ; 0 LEs                ; 16 LEs                 ; Yes        ; |MyComputer|CPU:cpu|Reg[11][4]                                ;
; 3:1                ; 8 bits    ; 16 LEs        ; 0 LEs                ; 16 LEs                 ; Yes        ; |MyComputer|CPU:cpu|Reg[10][0]                                ;
; 3:1                ; 8 bits    ; 16 LEs        ; 0 LEs                ; 16 LEs                 ; Yes        ; |MyComputer|CPU:cpu|Reg[9][4]                                 ;
; 3:1                ; 8 bits    ; 16 LEs        ; 0 LEs                ; 16 LEs                 ; Yes        ; |MyComputer|CPU:cpu|Reg[8][7]                                 ;
; 18:1               ; 8 bits    ; 96 LEs        ; 0 LEs                ; 96 LEs                 ; Yes        ; |MyComputer|CPU:cpu|Reg[24][7]                                ;
; 18:1               ; 8 bits    ; 96 LEs        ; 0 LEs                ; 96 LEs                 ; Yes        ; |MyComputer|CPU:cpu|Reg[4][3]                                 ;
; 18:1               ; 8 bits    ; 96 LEs        ; 0 LEs                ; 96 LEs                 ; Yes        ; |MyComputer|CPU:cpu|Reg[2][3]                                 ;
; 18:1               ; 8 bits    ; 96 LEs        ; 0 LEs                ; 96 LEs                 ; Yes        ; |MyComputer|CPU:cpu|Reg[26][0]                                ;
; 18:1               ; 8 bits    ; 96 LEs        ; 0 LEs                ; 96 LEs                 ; Yes        ; |MyComputer|CPU:cpu|Reg[6][0]                                 ;
; 18:1               ; 8 bits    ; 96 LEs        ; 0 LEs                ; 96 LEs                 ; Yes        ; |MyComputer|CPU:cpu|Reg[30][3]                                ;
; 18:1               ; 8 bits    ; 96 LEs        ; 0 LEs                ; 96 LEs                 ; Yes        ; |MyComputer|CPU:cpu|Reg[1][6]                                 ;
; 18:1               ; 8 bits    ; 96 LEs        ; 0 LEs                ; 96 LEs                 ; Yes        ; |MyComputer|CPU:cpu|Reg[25][3]                                ;
; 18:1               ; 8 bits    ; 96 LEs        ; 0 LEs                ; 96 LEs                 ; Yes        ; |MyComputer|CPU:cpu|Reg[5][3]                                 ;
; 18:1               ; 8 bits    ; 96 LEs        ; 0 LEs                ; 96 LEs                 ; Yes        ; |MyComputer|CPU:cpu|Reg[29][6]                                ;
; 18:1               ; 8 bits    ; 96 LEs        ; 0 LEs                ; 96 LEs                 ; Yes        ; |MyComputer|CPU:cpu|Reg[3][3]                                 ;
; 18:1               ; 8 bits    ; 96 LEs        ; 0 LEs                ; 96 LEs                 ; Yes        ; |MyComputer|CPU:cpu|Reg[27][3]                                ;
; 18:1               ; 8 bits    ; 96 LEs        ; 0 LEs                ; 96 LEs                 ; Yes        ; |MyComputer|CPU:cpu|Reg[7][7]                                 ;
; 18:1               ; 8 bits    ; 96 LEs        ; 0 LEs                ; 96 LEs                 ; Yes        ; |MyComputer|CPU:cpu|Reg[0][3]                                 ;
; 20:1               ; 8 bits    ; 104 LEs       ; 16 LEs               ; 88 LEs                 ; Yes        ; |MyComputer|CPU:cpu|Reg[28][1]                                ;
; 20:1               ; 7 bits    ; 91 LEs        ; 14 LEs               ; 77 LEs                 ; Yes        ; |MyComputer|CPU:cpu|IP[6]                                     ;
; 3:1                ; 7 bits    ; 14 LEs        ; 14 LEs               ; 0 LEs                  ; No         ; |MyComputer|Disp2cNum:dnum|DispDec:dd0|SSeg:converter|segs[0] ;
; 3:1                ; 7 bits    ; 14 LEs        ; 14 LEs               ; 0 LEs                  ; No         ; |MyComputer|Disp2cNum:dnum|DispDec:dd1|SSeg:converter|segs[5] ;
; 3:1                ; 7 bits    ; 14 LEs        ; 14 LEs               ; 0 LEs                  ; No         ; |MyComputer|Disp2cNum:dnum|DispDec:dd2|SSeg:converter|segs[1] ;
; 8:1                ; 7 bits    ; 35 LEs        ; 14 LEs               ; 21 LEs                 ; No         ; |MyComputer|CPU:cpu|Mux69                                     ;
; 8:1                ; 7 bits    ; 35 LEs        ; 14 LEs               ; 21 LEs                 ; No         ; |MyComputer|CPU:cpu|Mux60                                     ;
; 8:1                ; 9 bits    ; 45 LEs        ; 18 LEs               ; 27 LEs                 ; No         ; |MyComputer|CPU:cpu|Mux74                                     ;
; 5:1                ; 9 bits    ; 27 LEs        ; 18 LEs               ; 9 LEs                  ; No         ; |MyComputer|CPU:cpu|Mux50                                     ;
; 3:1                ; 6 bits    ; 12 LEs        ; 12 LEs               ; 0 LEs                  ; No         ; |MyComputer|CPU:cpu|Selector11                                ;
; 16:1               ; 3 bits    ; 30 LEs        ; 30 LEs               ; 0 LEs                  ; No         ; |MyComputer|CPU:cpu|Mux1                                      ;
; 16:1               ; 8 bits    ; 80 LEs        ; 80 LEs               ; 0 LEs                  ; No         ; |MyComputer|CPU:cpu|Mux32                                     ;
; 10:1               ; 6 bits    ; 36 LEs        ; 24 LEs               ; 12 LEs                 ; No         ; |MyComputer|CPU:cpu|cnum                                      ;
; 17:1               ; 5 bits    ; 55 LEs        ; 55 LEs               ; 0 LEs                  ; No         ; |MyComputer|CPU:cpu|Selector4                                 ;
; 33:1               ; 8 bits    ; 176 LEs       ; 176 LEs              ; 0 LEs                  ; No         ; |MyComputer|CPU:cpu|Selector29                                ;
+--------------------+-----------+---------------+----------------------+------------------------+------------+---------------------------------------------------------------+


+----------------------------------------------------------------------------+
; Parameter Settings for User Entity Instance: Debounce:db|Synchroniser:sync ;
+----------------+-------+---------------------------------------------------+
; Parameter Name ; Value ; Type                                              ;
+----------------+-------+---------------------------------------------------+
; n              ; 1     ; Signed Integer                                    ;
+----------------+-------+---------------------------------------------------+
Note: In order to hide this table in the UI and the text report file, please set the "Show Parameter Settings in Synthesis Report" option in "Analysis and Synthesis Settings -> More Settings" to "Off".


+----------------------------------------------------------------------------+
; Parameter Settings for User Entity Instance: CPU:cpu|Synchroniser:sync_din ;
+----------------+-------+---------------------------------------------------+
; Parameter Name ; Value ; Type                                              ;
+----------------+-------+---------------------------------------------------+
; n              ; 8     ; Signed Integer                                    ;
+----------------+-------+---------------------------------------------------+
Note: In order to hide this table in the UI and the text report file, please set the "Show Parameter Settings in Synthesis Report" option in "Analysis and Synthesis Settings -> More Settings" to "Off".


+-----------------------------------------------------------------------------+
; Parameter Settings for User Entity Instance: CPU:cpu|Synchroniser:sync_btns ;
+----------------+-------+----------------------------------------------------+
; Parameter Name ; Value ; Type                                               ;
+----------------+-------+----------------------------------------------------+
; n              ; 4     ; Signed Integer                                     ;
+----------------+-------+----------------------------------------------------+
Note: In order to hide this table in the UI and the text report file, please set the "Show Parameter Settings in Synthesis Report" option in "Analysis and Synthesis Settings -> More Settings" to "Off".


+-----------------------------------------------------------------------+
; Parameter Settings for User Entity Instance: CPU:cpu|Synchroniser:tbo ;
+----------------+-------+----------------------------------------------+
; Parameter Name ; Value ; Type                                         ;
+----------------+-------+----------------------------------------------+
; n              ; 1     ; Signed Integer                               ;
+----------------+-------+----------------------------------------------+
Note: In order to hide this table in the UI and the text report file, please set the "Show Parameter Settings in Synthesis Report" option in "Analysis and Synthesis Settings -> More Settings" to "Off".


+---------------------------------------------------------------------------------------------+
; Parameter Settings for Inferred Entity Instance: Disp2cNum:dnum|DispDec:dd0|lpm_divide:Mod0 ;
+------------------------+----------------+---------------------------------------------------+
; Parameter Name         ; Value          ; Type                                              ;
+------------------------+----------------+---------------------------------------------------+
; LPM_WIDTHN             ; 8              ; Untyped                                           ;
; LPM_WIDTHD             ; 4              ; Untyped                                           ;
; LPM_NREPRESENTATION    ; UNSIGNED       ; Untyped                                           ;
; LPM_DREPRESENTATION    ; UNSIGNED       ; Untyped                                           ;
; LPM_PIPELINE           ; 0              ; Untyped                                           ;
; LPM_REMAINDERPOSITIVE  ; TRUE           ; Untyped                                           ;
; MAXIMIZE_SPEED         ; 5              ; Untyped                                           ;
; CBXI_PARAMETER         ; lpm_divide_82m ; Untyped                                           ;
; CARRY_CHAIN            ; MANUAL         ; Untyped                                           ;
; OPTIMIZE_FOR_SPEED     ; 5              ; Untyped                                           ;
; AUTO_CARRY_CHAINS      ; ON             ; AUTO_CARRY                                        ;
; IGNORE_CARRY_BUFFERS   ; OFF            ; IGNORE_CARRY                                      ;
; AUTO_CASCADE_CHAINS    ; ON             ; AUTO_CASCADE                                      ;
; IGNORE_CASCADE_BUFFERS ; OFF            ; IGNORE_CASCADE                                    ;
+------------------------+----------------+---------------------------------------------------+
Note: In order to hide this table in the UI and the text report file, please set the "Show Parameter Settings in Synthesis Report" option in "Analysis and Synthesis Settings -> More Settings" to "Off".


+---------------------------------------------------------------------------------------------+
; Parameter Settings for Inferred Entity Instance: Disp2cNum:dnum|DispDec:dd0|lpm_divide:Div0 ;
+------------------------+----------------+---------------------------------------------------+
; Parameter Name         ; Value          ; Type                                              ;
+------------------------+----------------+---------------------------------------------------+
; LPM_WIDTHN             ; 8              ; Untyped                                           ;
; LPM_WIDTHD             ; 4              ; Untyped                                           ;
; LPM_NREPRESENTATION    ; UNSIGNED       ; Untyped                                           ;
; LPM_DREPRESENTATION    ; UNSIGNED       ; Untyped                                           ;
; LPM_PIPELINE           ; 0              ; Untyped                                           ;
; LPM_REMAINDERPOSITIVE  ; TRUE           ; Untyped                                           ;
; MAXIMIZE_SPEED         ; 5              ; Untyped                                           ;
; CBXI_PARAMETER         ; lpm_divide_5am ; Untyped                                           ;
; CARRY_CHAIN            ; MANUAL         ; Untyped                                           ;
; OPTIMIZE_FOR_SPEED     ; 5              ; Untyped                                           ;
; AUTO_CARRY_CHAINS      ; ON             ; AUTO_CARRY                                        ;
; IGNORE_CARRY_BUFFERS   ; OFF            ; IGNORE_CARRY                                      ;
; AUTO_CASCADE_CHAINS    ; ON             ; AUTO_CASCADE                                      ;
; IGNORE_CASCADE_BUFFERS ; OFF            ; IGNORE_CASCADE                                    ;
+------------------------+----------------+---------------------------------------------------+
Note: In order to hide this table in the UI and the text report file, please set the "Show Parameter Settings in Synthesis Report" option in "Analysis and Synthesis Settings -> More Settings" to "Off".


+---------------------------------------------------------------------------------------------+
; Parameter Settings for Inferred Entity Instance: Disp2cNum:dnum|DispDec:dd1|lpm_divide:Mod0 ;
+------------------------+----------------+---------------------------------------------------+
; Parameter Name         ; Value          ; Type                                              ;
+------------------------+----------------+---------------------------------------------------+
; LPM_WIDTHN             ; 8              ; Untyped                                           ;
; LPM_WIDTHD             ; 4              ; Untyped                                           ;
; LPM_NREPRESENTATION    ; UNSIGNED       ; Untyped                                           ;
; LPM_DREPRESENTATION    ; UNSIGNED       ; Untyped                                           ;
; LPM_PIPELINE           ; 0              ; Untyped                                           ;
; LPM_REMAINDERPOSITIVE  ; TRUE           ; Untyped                                           ;
; MAXIMIZE_SPEED         ; 5              ; Untyped                                           ;
; CBXI_PARAMETER         ; lpm_divide_82m ; Untyped                                           ;
; CARRY_CHAIN            ; MANUAL         ; Untyped                                           ;
; OPTIMIZE_FOR_SPEED     ; 5              ; Untyped                                           ;
; AUTO_CARRY_CHAINS      ; ON             ; AUTO_CARRY                                        ;
; IGNORE_CARRY_BUFFERS   ; OFF            ; IGNORE_CARRY                                      ;
; AUTO_CASCADE_CHAINS    ; ON             ; AUTO_CASCADE                                      ;
; IGNORE_CASCADE_BUFFERS ; OFF            ; IGNORE_CASCADE                                    ;
+------------------------+----------------+---------------------------------------------------+
Note: In order to hide this table in the UI and the text report file, please set the "Show Parameter Settings in Synthesis Report" option in "Analysis and Synthesis Settings -> More Settings" to "Off".


+---------------------------------------------------------------------------------------------+
; Parameter Settings for Inferred Entity Instance: Disp2cNum:dnum|DispDec:dd1|lpm_divide:Div0 ;
+------------------------+----------------+---------------------------------------------------+
; Parameter Name         ; Value          ; Type                                              ;
+------------------------+----------------+---------------------------------------------------+
; LPM_WIDTHN             ; 8              ; Untyped                                           ;
; LPM_WIDTHD             ; 4              ; Untyped                                           ;
; LPM_NREPRESENTATION    ; UNSIGNED       ; Untyped                                           ;
; LPM_DREPRESENTATION    ; UNSIGNED       ; Untyped                                           ;
; LPM_PIPELINE           ; 0              ; Untyped                                           ;
; LPM_REMAINDERPOSITIVE  ; TRUE           ; Untyped                                           ;
; MAXIMIZE_SPEED         ; 5              ; Untyped                                           ;
; CBXI_PARAMETER         ; lpm_divide_5am ; Untyped                                           ;
; CARRY_CHAIN            ; MANUAL         ; Untyped                                           ;
; OPTIMIZE_FOR_SPEED     ; 5              ; Untyped                                           ;
; AUTO_CARRY_CHAINS      ; ON             ; AUTO_CARRY                                        ;
; IGNORE_CARRY_BUFFERS   ; OFF            ; IGNORE_CARRY                                      ;
; AUTO_CASCADE_CHAINS    ; ON             ; AUTO_CASCADE                                      ;
; IGNORE_CASCADE_BUFFERS ; OFF            ; IGNORE_CASCADE                                    ;
+------------------------+----------------+---------------------------------------------------+
Note: In order to hide this table in the UI and the text report file, please set the "Show Parameter Settings in Synthesis Report" option in "Analysis and Synthesis Settings -> More Settings" to "Off".


+---------------------------------------------------------------------------------------------+
; Parameter Settings for Inferred Entity Instance: Disp2cNum:dnum|DispDec:dd2|lpm_divide:Mod0 ;
+------------------------+----------------+---------------------------------------------------+
; Parameter Name         ; Value          ; Type                                              ;
+------------------------+----------------+---------------------------------------------------+
; LPM_WIDTHN             ; 8              ; Untyped                                           ;
; LPM_WIDTHD             ; 4              ; Untyped                                           ;
; LPM_NREPRESENTATION    ; UNSIGNED       ; Untyped                                           ;
; LPM_DREPRESENTATION    ; UNSIGNED       ; Untyped                                           ;
; LPM_PIPELINE           ; 0              ; Untyped                                           ;
; LPM_REMAINDERPOSITIVE  ; TRUE           ; Untyped                                           ;
; MAXIMIZE_SPEED         ; 5              ; Untyped                                           ;
; CBXI_PARAMETER         ; lpm_divide_82m ; Untyped                                           ;
; CARRY_CHAIN            ; MANUAL         ; Untyped                                           ;
; OPTIMIZE_FOR_SPEED     ; 5              ; Untyped                                           ;
; AUTO_CARRY_CHAINS      ; ON             ; AUTO_CARRY                                        ;
; IGNORE_CARRY_BUFFERS   ; OFF            ; IGNORE_CARRY                                      ;
; AUTO_CASCADE_CHAINS    ; ON             ; AUTO_CASCADE                                      ;
; IGNORE_CASCADE_BUFFERS ; OFF            ; IGNORE_CASCADE                                    ;
+------------------------+----------------+---------------------------------------------------+
Note: In order to hide this table in the UI and the text report file, please set the "Show Parameter Settings in Synthesis Report" option in "Analysis and Synthesis Settings -> More Settings" to "Off".


+---------------------------------------------------+
; Port Connectivity Checks: "DispHex:dh|SSeg:disp1" ;
+--------+-------+----------+-----------------------+
; Port   ; Type  ; Severity ; Details               ;
+--------+-------+----------+-----------------------+
; neg    ; Input ; Info     ; Stuck at GND          ;
; enable ; Input ; Info     ; Stuck at VCC          ;
+--------+-------+----------+-----------------------+


+---------------------------------------------------+
; Port Connectivity Checks: "DispHex:dh|SSeg:disp0" ;
+--------+-------+----------+-----------------------+
; Port   ; Type  ; Severity ; Details               ;
+--------+-------+----------+-----------------------+
; neg    ; Input ; Info     ; Stuck at GND          ;
; enable ; Input ; Info     ; Stuck at VCC          ;
+--------+-------+----------+-----------------------+


+----------------------------------------------------------------------------------------------------------------+
; Port Connectivity Checks: "Disp2cNum:dnum|DispDec:dd3"                                                         ;
+------+--------+----------+-------------------------------------------------------------------------------------+
; Port ; Type   ; Severity ; Details                                                                             ;
+------+--------+----------+-------------------------------------------------------------------------------------+
; xo   ; Output ; Info     ; Connected to dangling logic. Logic that only feeds a dangling port will be removed. ;
; eno  ; Output ; Info     ; Connected to dangling logic. Logic that only feeds a dangling port will be removed. ;
+------+--------+----------+-------------------------------------------------------------------------------------+


+-----------------------------------------------------+
; Post-Synthesis Netlist Statistics for Top Partition ;
+-----------------------+-----------------------------+
; Type                  ; Count                       ;
+-----------------------+-----------------------------+
; arriav_ff             ; 382                         ;
;     ENA               ; 168                         ;
;     ENA SCLR          ; 11                          ;
;     ENA SLD           ; 112                         ;
;     SCLR              ; 48                          ;
;     plain             ; 43                          ;
; arriav_lcell_comb     ; 845                         ;
;     arith             ; 203                         ;
;         0 data inputs ; 37                          ;
;         1 data inputs ; 71                          ;
;         2 data inputs ; 15                          ;
;         3 data inputs ; 52                          ;
;         4 data inputs ; 13                          ;
;         5 data inputs ; 15                          ;
;     extend            ; 6                           ;
;         7 data inputs ; 6                           ;
;     normal            ; 621                         ;
;         0 data inputs ; 1                           ;
;         1 data inputs ; 7                           ;
;         2 data inputs ; 50                          ;
;         3 data inputs ; 81                          ;
;         4 data inputs ; 83                          ;
;         5 data inputs ; 125                         ;
;         6 data inputs ; 274                         ;
;     shared            ; 15                          ;
;         0 data inputs ; 9                           ;
;         1 data inputs ; 6                           ;
; arriav_mac            ; 2                           ;
; boundary_port         ; 67                          ;
;                       ;                             ;
; Max LUT depth         ; 16.90                       ;
; Average LUT depth     ; 9.33                        ;
+-----------------------+-----------------------------+


+-------------------------------+
; Elapsed Time Per Partition    ;
+----------------+--------------+
; Partition Name ; Elapsed Time ;
+----------------+--------------+
; Top            ; 00:00:02     ;
+----------------+--------------+


+-------------------------------+
; Analysis & Synthesis Messages ;
+-------------------------------+
Info: *******************************************************************
Info: Running Quartus Prime Analysis & Synthesis
    Info: Version 18.1.0 Build 625 09/12/2018 SJ Lite Edition
    Info: Processing started: Thu May 20 17:51:29 2021
Info: Command: quartus_map --read_settings_files=on --write_settings_files=off MyComputer -c MyComputer
Warning (18236): Number of processors has not been specified which may cause overloading on shared machines.  Set the global assignment NUM_PARALLEL_PROCESSORS in your QSF to an appropriate value for best performance.
Info (20030): Parallel compilation is enabled and will use 8 of the 8 processors detected
Info (12021): Found 1 design units, including 1 entities, in source file testcalc.v
    Info (12023): Found entity 1: TestCalc File: C:/Users/leqin/DSD_Project_2021/MyComputer/TestCalc.v Line: 12
Warning (10463): Verilog HDL Declaration warning at ROM.v(214): "bit" is SystemVerilog-2005 keyword File: C:/Users/leqin/DSD_Project_2021/MyComputer/ROM.v Line: 214
Warning (10463): Verilog HDL Declaration warning at ROM.v(229): "bit" is SystemVerilog-2005 keyword File: C:/Users/leqin/DSD_Project_2021/MyComputer/ROM.v Line: 229
Warning (10463): Verilog HDL Declaration warning at ROM.v(235): "bit" is SystemVerilog-2005 keyword File: C:/Users/leqin/DSD_Project_2021/MyComputer/ROM.v Line: 235
Info (12021): Found 1 design units, including 1 entities, in source file rom.v
    Info (12023): Found entity 1: AsyncROM File: C:/Users/leqin/DSD_Project_2021/MyComputer/ROM.v Line: 21
Info (12021): Found 1 design units, including 1 entities, in source file mycomputer.v
    Info (12023): Found entity 1: MyComputer File: C:/Users/leqin/DSD_Project_2021/MyComputer/MyComputer.v Line: 5
Info (12021): Found 1 design units, including 1 entities, in source file cpu.v
    Info (12023): Found entity 1: CPU File: C:/Users/leqin/DSD_Project_2021/MyComputer/CPU.v Line: 3
Info (12021): Found 7 design units, including 7 entities, in source file auxmod.v
    Info (12023): Found entity 1: Synchroniser File: C:/Users/leqin/DSD_Project_2021/MyComputer/AuxMod.v Line: 4
    Info (12023): Found entity 2: Debounce File: C:/Users/leqin/DSD_Project_2021/MyComputer/AuxMod.v Line: 20
    Info (12023): Found entity 3: Disp2cNum File: C:/Users/leqin/DSD_Project_2021/MyComputer/AuxMod.v Line: 43
    Info (12023): Found entity 4: DispDec File: C:/Users/leqin/DSD_Project_2021/MyComputer/AuxMod.v Line: 59
    Info (12023): Found entity 5: DispHex File: C:/Users/leqin/DSD_Project_2021/MyComputer/AuxMod.v Line: 73
    Info (12023): Found entity 6: SSeg File: C:/Users/leqin/DSD_Project_2021/MyComputer/AuxMod.v Line: 81
    Info (12023): Found entity 7: DetectFallingEdge File: C:/Users/leqin/DSD_Project_2021/MyComputer/AuxMod.v Line: 113
Warning (10236): Verilog HDL Implicit Net warning at MyComputer.v(52): created implicit net for "Reset" File: C:/Users/leqin/DSD_Project_2021/MyComputer/MyComputer.v Line: 52
Info (12127): Elaborating entity "MyComputer" for the top level hierarchy
Info (12128): Elaborating entity "Debounce" for hierarchy "Debounce:db" File: C:/Users/leqin/DSD_Project_2021/MyComputer/MyComputer.v Line: 52
Info (12128): Elaborating entity "Synchroniser" for hierarchy "Debounce:db|Synchroniser:sync" File: C:/Users/leqin/DSD_Project_2021/MyComputer/AuxMod.v Line: 27
Info (12128): Elaborating entity "CPU" for hierarchy "CPU:cpu" File: C:/Users/leqin/DSD_Project_2021/MyComputer/MyComputer.v Line: 54
Warning (10230): Verilog HDL assignment warning at CPU.v(57): truncated value with size 32 to match size of target (24) File: C:/Users/leqin/DSD_Project_2021/MyComputer/CPU.v Line: 57
Info (10264): Verilog HDL Case Statement information at CPU.v(220): all case item expressions in this case statement are onehot File: C:/Users/leqin/DSD_Project_2021/MyComputer/CPU.v Line: 220
Info (10264): Verilog HDL Case Statement information at CPU.v(127): all case item expressions in this case statement are onehot File: C:/Users/leqin/DSD_Project_2021/MyComputer/CPU.v Line: 127
Info (10264): Verilog HDL Case Statement information at CPU.v(232): all case item expressions in this case statement are onehot File: C:/Users/leqin/DSD_Project_2021/MyComputer/CPU.v Line: 232
Info (10264): Verilog HDL Case Statement information at CPU.v(124): all case item expressions in this case statement are onehot File: C:/Users/leqin/DSD_Project_2021/MyComputer/CPU.v Line: 124
Info (12128): Elaborating entity "Synchroniser" for hierarchy "CPU:cpu|Synchroniser:sync_din" File: C:/Users/leqin/DSD_Project_2021/MyComputer/CPU.v Line: 25
Info (12128): Elaborating entity "Synchroniser" for hierarchy "CPU:cpu|Synchroniser:sync_btns" File: C:/Users/leqin/DSD_Project_2021/MyComputer/CPU.v Line: 26
Info (12128): Elaborating entity "DetectFallingEdge" for hierarchy "CPU:cpu|DetectFallingEdge:pb[0].dfe" File: C:/Users/leqin/DSD_Project_2021/MyComputer/CPU.v Line: 38
Info (12128): Elaborating entity "AsyncROM" for hierarchy "CPU:cpu|AsyncROM:Pmem" File: C:/Users/leqin/DSD_Project_2021/MyComputer/CPU.v Line: 67
Info (12128): Elaborating entity "Disp2cNum" for hierarchy "Disp2cNum:dnum" File: C:/Users/leqin/DSD_Project_2021/MyComputer/MyComputer.v Line: 55
Info (12128): Elaborating entity "DispDec" for hierarchy "Disp2cNum:dnum|DispDec:dd0" File: C:/Users/leqin/DSD_Project_2021/MyComputer/AuxMod.v Line: 50
Warning (10230): Verilog HDL assignment warning at AuxMod.v(61): truncated value with size 32 to match size of target (4) File: C:/Users/leqin/DSD_Project_2021/MyComputer/AuxMod.v Line: 61
Warning (10230): Verilog HDL assignment warning at AuxMod.v(65): truncated value with size 32 to match size of target (8) File: C:/Users/leqin/DSD_Project_2021/MyComputer/AuxMod.v Line: 65
Info (12128): Elaborating entity "SSeg" for hierarchy "Disp2cNum:dnum|DispDec:dd0|SSeg:converter" File: C:/Users/leqin/DSD_Project_2021/MyComputer/AuxMod.v Line: 63
Info (12128): Elaborating entity "DispHex" for hierarchy "DispHex:dh" File: C:/Users/leqin/DSD_Project_2021/MyComputer/MyComputer.v Line: 56
Info (278001): Inferred 5 megafunctions from design logic
    Info (278004): Inferred divider/modulo megafunction ("lpm_divide") from the following logic: "Disp2cNum:dnum|DispDec:dd0|Mod0" File: C:/Users/leqin/DSD_Project_2021/MyComputer/AuxMod.v Line: 61
    Info (278004): Inferred divider/modulo megafunction ("lpm_divide") from the following logic: "Disp2cNum:dnum|DispDec:dd0|Div0" File: C:/Users/leqin/DSD_Project_2021/MyComputer/AuxMod.v Line: 65
    Info (278004): Inferred divider/modulo megafunction ("lpm_divide") from the following logic: "Disp2cNum:dnum|DispDec:dd1|Mod0" File: C:/Users/leqin/DSD_Project_2021/MyComputer/AuxMod.v Line: 61
    Info (278004): Inferred divider/modulo megafunction ("lpm_divide") from the following logic: "Disp2cNum:dnum|DispDec:dd1|Div0" File: C:/Users/leqin/DSD_Project_2021/MyComputer/AuxMod.v Line: 65
    Info (278004): Inferred divider/modulo megafunction ("lpm_divide") from the following logic: "Disp2cNum:dnum|DispDec:dd2|Mod0" File: C:/Users/leqin/DSD_Project_2021/MyComputer/AuxMod.v Line: 61
Info (12130): Elaborated megafunction instantiation "Disp2cNum:dnum|DispDec:dd0|lpm_divide:Mod0" File: C:/Users/leqin/DSD_Project_2021/MyComputer/AuxMod.v Line: 61
Info (12133): Instantiated megafunction "Disp2cNum:dnum|DispDec:dd0|lpm_divide:Mod0" with the following parameter: File: C:/Users/leqin/DSD_Project_2021/MyComputer/AuxMod.v Line: 61
    Info (12134): Parameter "LPM_WIDTHN" = "8"
    Info (12134): Parameter "LPM_WIDTHD" = "4"
    Info (12134): Parameter "LPM_NREPRESENTATION" = "UNSIGNED"
    Info (12134): Parameter "LPM_DREPRESENTATION" = "UNSIGNED"
Info (12021): Found 1 design units, including 1 entities, in source file db/lpm_divide_82m.tdf
    Info (12023): Found entity 1: lpm_divide_82m File: C:/Users/leqin/DSD_Project_2021/MyComputer/db/lpm_divide_82m.tdf Line: 24
Info (12021): Found 1 design units, including 1 entities, in source file db/sign_div_unsign_bkh.tdf
    Info (12023): Found entity 1: sign_div_unsign_bkh File: C:/Users/leqin/DSD_Project_2021/MyComputer/db/sign_div_unsign_bkh.tdf Line: 24
Info (12021): Found 1 design units, including 1 entities, in source file db/alt_u_div_sse.tdf
    Info (12023): Found entity 1: alt_u_div_sse File: C:/Users/leqin/DSD_Project_2021/MyComputer/db/alt_u_div_sse.tdf Line: 22
Info (12130): Elaborated megafunction instantiation "Disp2cNum:dnum|DispDec:dd0|lpm_divide:Div0" File: C:/Users/leqin/DSD_Project_2021/MyComputer/AuxMod.v Line: 65
Info (12133): Instantiated megafunction "Disp2cNum:dnum|DispDec:dd0|lpm_divide:Div0" with the following parameter: File: C:/Users/leqin/DSD_Project_2021/MyComputer/AuxMod.v Line: 65
    Info (12134): Parameter "LPM_WIDTHN" = "8"
    Info (12134): Parameter "LPM_WIDTHD" = "4"
    Info (12134): Parameter "LPM_NREPRESENTATION" = "UNSIGNED"
    Info (12134): Parameter "LPM_DREPRESENTATION" = "UNSIGNED"
Info (12021): Found 1 design units, including 1 entities, in source file db/lpm_divide_5am.tdf
    Info (12023): Found entity 1: lpm_divide_5am File: C:/Users/leqin/DSD_Project_2021/MyComputer/db/lpm_divide_5am.tdf Line: 24
Warning (13024): Output pins are stuck at VCC or GND
    Warning (13410): Pin "HEX3[0]" is stuck at VCC File: C:/Users/leqin/DSD_Project_2021/MyComputer/MyComputer.v Line: 26
    Warning (13410): Pin "HEX3[1]" is stuck at VCC File: C:/Users/leqin/DSD_Project_2021/MyComputer/MyComputer.v Line: 26
    Warning (13410): Pin "HEX3[2]" is stuck at VCC File: C:/Users/leqin/DSD_Project_2021/MyComputer/MyComputer.v Line: 26
    Warning (13410): Pin "HEX3[3]" is stuck at VCC File: C:/Users/leqin/DSD_Project_2021/MyComputer/MyComputer.v Line: 26
    Warning (13410): Pin "HEX3[4]" is stuck at VCC File: C:/Users/leqin/DSD_Project_2021/MyComputer/MyComputer.v Line: 26
    Warning (13410): Pin "HEX3[5]" is stuck at VCC File: C:/Users/leqin/DSD_Project_2021/MyComputer/MyComputer.v Line: 26
Info (286030): Timing-Driven Synthesis is running
Info (144001): Generated suppressed messages file C:/Users/leqin/DSD_Project_2021/MyComputer/output_files/MyComputer.map.smsg
Info (16010): Generating hard_block partition "hard_block:auto_generated_inst"
    Info (16011): Adding 0 node(s), including 0 DDIO, 0 PLL, 0 transceiver and 0 LCELL
Info (21057): Implemented 1212 device resources after synthesis - the final resource count might be different
    Info (21058): Implemented 15 input pins
    Info (21059): Implemented 52 output pins
    Info (21061): Implemented 1143 logic cells
    Info (21062): Implemented 2 DSP elements
Info: Quartus Prime Analysis & Synthesis was successful. 0 errors, 15 warnings
    Info: Peak virtual memory: 4883 megabytes
    Info: Processing ended: Thu May 20 17:51:41 2021
    Info: Elapsed time: 00:00:12
    Info: Total CPU time (on all processors): 00:00:20


+------------------------------------------+
; Analysis & Synthesis Suppressed Messages ;
+------------------------------------------+
The suppressed messages can be found in C:/Users/leqin/DSD_Project_2021/MyComputer/output_files/MyComputer.map.smsg.


