Analysis & Synthesis report for MyComputer
Sat May 01 18:49:53 2021
Quartus Prime Version 18.1.0 Build 625 09/12/2018 SJ Lite Edition


---------------------
; Table of Contents ;
---------------------
  1. Legal Notice
  2. Analysis & Synthesis Summary
  3. Analysis & Synthesis Settings
  4. Parallel Compilation
  5. Analysis & Synthesis Source Files Read
  6. Analysis & Synthesis Resource Usage Summary
  7. Analysis & Synthesis Resource Utilization by Entity
  8. Analysis & Synthesis DSP Block Usage Summary
  9. Registers Removed During Synthesis
 10. Removed Registers Triggering Further Register Optimizations
 11. General Register Statistics
 12. Multiplexer Restructuring Statistics (Restructuring Performed)
 13. Parameter Settings for User Entity Instance: Debounce:db|Synchroniser:sync
 14. Parameter Settings for User Entity Instance: CPU:cpu|Synchroniser:sync_din
 15. Parameter Settings for User Entity Instance: CPU:cpu|Synchroniser:sync_btns
 16. Parameter Settings for User Entity Instance: CPU:cpu|Synchroniser:tbo
 17. Port Connectivity Checks: "DispHex:dh|SSeg:disp1"
 18. Port Connectivity Checks: "DispHex:dh|SSeg:disp0"
 19. Port Connectivity Checks: "Disp2cNum:dnum|DispDec:dd3"
 20. Port Connectivity Checks: "Disp2cNum:dnum|DispDec:dd2"
 21. Port Connectivity Checks: "Disp2cNum:dnum|DispDec:dd1"
 22. Port Connectivity Checks: "Disp2cNum:dnum|DispDec:dd0"
 23. Post-Synthesis Netlist Statistics for Top Partition
 24. Elapsed Time Per Partition
 25. Analysis & Synthesis Messages
 26. Analysis & Synthesis Suppressed Messages



----------------
; Legal Notice ;
----------------
Copyright (C) 2018  Intel Corporation. All rights reserved.
Your use of Intel Corporation's design tools, logic functions 
and other software and tools, and its AMPP partner logic 
functions, and any output files from any of the foregoing 
(including device programming or simulation files), and any 
associated documentation or information are expressly subject 
to the terms and conditions of the Intel Program License 
Subscription Agreement, the Intel Quartus Prime License Agreement,
the Intel FPGA IP License Agreement, or other applicable license
agreement, including, without limitation, that your use is for
the sole purpose of programming logic devices manufactured by
Intel and sold by Intel or its authorized distributors.  Please
refer to the applicable agreement for further details.



+-------------------------------------------------------------------------------+
; Analysis & Synthesis Summary                                                  ;
+---------------------------------+---------------------------------------------+
; Analysis & Synthesis Status     ; Successful - Sat May 01 18:49:53 2021       ;
; Quartus Prime Version           ; 18.1.0 Build 625 09/12/2018 SJ Lite Edition ;
; Revision Name                   ; MyComputer                                  ;
; Top-level Entity Name           ; MyComputer                                  ;
; Family                          ; Cyclone V                                   ;
; Logic utilization (in ALMs)     ; N/A                                         ;
; Total registers                 ; 145                                         ;
; Total pins                      ; 67                                          ;
; Total virtual pins              ; 0                                           ;
; Total block memory bits         ; 0                                           ;
; Total DSP Blocks                ; 1                                           ;
; Total HSSI RX PCSs              ; 0                                           ;
; Total HSSI PMA RX Deserializers ; 0                                           ;
; Total HSSI TX PCSs              ; 0                                           ;
; Total HSSI PMA TX Serializers   ; 0                                           ;
; Total PLLs                      ; 0                                           ;
; Total DLLs                      ; 0                                           ;
+---------------------------------+---------------------------------------------+


+---------------------------------------------------------------------------------------------------------------------------+
; Analysis & Synthesis Settings                                                                                             ;
+---------------------------------------------------------------------------------+--------------------+--------------------+
; Option                                                                          ; Setting            ; Default Value      ;
+---------------------------------------------------------------------------------+--------------------+--------------------+
; Device                                                                          ; 5CSEMA5F31C6       ;                    ;
; Top-level entity name                                                           ; MyComputer         ; MyComputer         ;
; Family name                                                                     ; Cyclone V          ; Cyclone V          ;
; Use smart compilation                                                           ; Off                ; Off                ;
; Enable parallel Assembler and Timing Analyzer during compilation                ; On                 ; On                 ;
; Enable compact report table                                                     ; Off                ; Off                ;
; Restructure Multiplexers                                                        ; Auto               ; Auto               ;
; MLAB Add Timing Constraints For Mixed-Port Feed-Through Mode Setting Don't Care ; Off                ; Off                ;
; Create Debugging Nodes for IP Cores                                             ; Off                ; Off                ;
; Preserve fewer node names                                                       ; On                 ; On                 ;
; Intel FPGA IP Evaluation Mode                                                   ; Enable             ; Enable             ;
; Verilog Version                                                                 ; Verilog_2001       ; Verilog_2001       ;
; VHDL Version                                                                    ; VHDL_1993          ; VHDL_1993          ;
; State Machine Processing                                                        ; Auto               ; Auto               ;
; Safe State Machine                                                              ; Off                ; Off                ;
; Extract Verilog State Machines                                                  ; On                 ; On                 ;
; Extract VHDL State Machines                                                     ; On                 ; On                 ;
; Ignore Verilog initial constructs                                               ; Off                ; Off                ;
; Iteration limit for constant Verilog loops                                      ; 5000               ; 5000               ;
; Iteration limit for non-constant Verilog loops                                  ; 250                ; 250                ;
; Add Pass-Through Logic to Inferred RAMs                                         ; On                 ; On                 ;
; Infer RAMs from Raw Logic                                                       ; On                 ; On                 ;
; Parallel Synthesis                                                              ; On                 ; On                 ;
; DSP Block Balancing                                                             ; Auto               ; Auto               ;
; NOT Gate Push-Back                                                              ; On                 ; On                 ;
; Power-Up Don't Care                                                             ; On                 ; On                 ;
; Remove Redundant Logic Cells                                                    ; Off                ; Off                ;
; Remove Duplicate Registers                                                      ; On                 ; On                 ;
; Ignore CARRY Buffers                                                            ; Off                ; Off                ;
; Ignore CASCADE Buffers                                                          ; Off                ; Off                ;
; Ignore GLOBAL Buffers                                                           ; Off                ; Off                ;
; Ignore ROW GLOBAL Buffers                                                       ; Off                ; Off                ;
; Ignore LCELL Buffers                                                            ; Off                ; Off                ;
; Ignore SOFT Buffers                                                             ; On                 ; On                 ;
; Limit AHDL Integers to 32 Bits                                                  ; Off                ; Off                ;
; Optimization Technique                                                          ; Balanced           ; Balanced           ;
; Carry Chain Length                                                              ; 70                 ; 70                 ;
; Auto Carry Chains                                                               ; On                 ; On                 ;
; Auto Open-Drain Pins                                                            ; On                 ; On                 ;
; Perform WYSIWYG Primitive Resynthesis                                           ; Off                ; Off                ;
; Auto ROM Replacement                                                            ; On                 ; On                 ;
; Auto RAM Replacement                                                            ; On                 ; On                 ;
; Auto DSP Block Replacement                                                      ; On                 ; On                 ;
; Auto Shift Register Replacement                                                 ; Auto               ; Auto               ;
; Allow Shift Register Merging across Hierarchies                                 ; Auto               ; Auto               ;
; Auto Clock Enable Replacement                                                   ; On                 ; On                 ;
; Strict RAM Replacement                                                          ; Off                ; Off                ;
; Allow Synchronous Control Signals                                               ; On                 ; On                 ;
; Force Use of Synchronous Clear Signals                                          ; Off                ; Off                ;
; Auto Resource Sharing                                                           ; Off                ; Off                ;
; Allow Any RAM Size For Recognition                                              ; Off                ; Off                ;
; Allow Any ROM Size For Recognition                                              ; Off                ; Off                ;
; Allow Any Shift Register Size For Recognition                                   ; Off                ; Off                ;
; Use LogicLock Constraints during Resource Balancing                             ; On                 ; On                 ;
; Ignore translate_off and synthesis_off directives                               ; Off                ; Off                ;
; Timing-Driven Synthesis                                                         ; On                 ; On                 ;
; Report Parameter Settings                                                       ; On                 ; On                 ;
; Report Source Assignments                                                       ; On                 ; On                 ;
; Report Connectivity Checks                                                      ; On                 ; On                 ;
; Ignore Maximum Fan-Out Assignments                                              ; Off                ; Off                ;
; Synchronization Register Chain Length                                           ; 3                  ; 3                  ;
; Power Optimization During Synthesis                                             ; Normal compilation ; Normal compilation ;
; HDL message level                                                               ; Level2             ; Level2             ;
; Suppress Register Optimization Related Messages                                 ; Off                ; Off                ;
; Number of Removed Registers Reported in Synthesis Report                        ; 5000               ; 5000               ;
; Number of Swept Nodes Reported in Synthesis Report                              ; 5000               ; 5000               ;
; Number of Inverted Registers Reported in Synthesis Report                       ; 100                ; 100                ;
; Clock MUX Protection                                                            ; On                 ; On                 ;
; Auto Gated Clock Conversion                                                     ; Off                ; Off                ;
; Block Design Naming                                                             ; Auto               ; Auto               ;
; SDC constraint protection                                                       ; Off                ; Off                ;
; Synthesis Effort                                                                ; Auto               ; Auto               ;
; Shift Register Replacement - Allow Asynchronous Clear Signal                    ; On                 ; On                 ;
; Pre-Mapping Resynthesis Optimization                                            ; Off                ; Off                ;
; Analysis & Synthesis Message Level                                              ; Medium             ; Medium             ;
; Disable Register Merging Across Hierarchies                                     ; Auto               ; Auto               ;
; Resource Aware Inference For Block RAM                                          ; On                 ; On                 ;
; Automatic Parallel Synthesis                                                    ; On                 ; On                 ;
; Partial Reconfiguration Bitstream ID                                            ; Off                ; Off                ;
+---------------------------------------------------------------------------------+--------------------+--------------------+


+------------------------------------------+
; Parallel Compilation                     ;
+----------------------------+-------------+
; Processors                 ; Number      ;
+----------------------------+-------------+
; Number detected on machine ; 12          ;
; Maximum allowed            ; 6           ;
;                            ;             ;
; Average used               ; 1.00        ;
; Maximum used               ; 6           ;
;                            ;             ;
; Usage by Processor         ; % Time Used ;
;     Processor 1            ; 100.0%      ;
;     Processors 2-6         ;   0.0%      ;
+----------------------------+-------------+


+-----------------------------------------------------------------------------------------------------------------------------------------------------------+
; Analysis & Synthesis Source Files Read                                                                                                                    ;
+----------------------------------+-----------------+------------------------------+-------------------------------------------------------------+---------+
; File Name with User-Entered Path ; Used in Netlist ; File Type                    ; File Name with Absolute Path                                ; Library ;
+----------------------------------+-----------------+------------------------------+-------------------------------------------------------------+---------+
; ROM.v                            ; yes             ; User Verilog HDL File        ; C:/Users/cassi/Desktop/verilog code/MyComputer/ROM.v        ;         ;
; MyComputer.v                     ; yes             ; User Verilog HDL File        ; C:/Users/cassi/Desktop/verilog code/MyComputer/MyComputer.v ;         ;
; CPU.v                            ; yes             ; User Verilog HDL File        ; C:/Users/cassi/Desktop/verilog code/MyComputer/CPU.v        ;         ;
; AuxMod.v                         ; yes             ; User Verilog HDL File        ; C:/Users/cassi/Desktop/verilog code/MyComputer/AuxMod.v     ;         ;
; cpu.vh                           ; yes             ; Auto-Found Unspecified File  ; C:/Users/cassi/Desktop/verilog code/MyComputer/cpu.vh       ;         ;
+----------------------------------+-----------------+------------------------------+-------------------------------------------------------------+---------+


+-----------------------------------------------------------+
; Analysis & Synthesis Resource Usage Summary               ;
+---------------------------------------------+-------------+
; Resource                                    ; Usage       ;
+---------------------------------------------+-------------+
; Estimate of Logic utilization (ALMs needed) ; 167         ;
;                                             ;             ;
; Combinational ALUT usage for logic          ; 255         ;
;     -- 7 input functions                    ; 2           ;
;     -- 6 input functions                    ; 63          ;
;     -- 5 input functions                    ; 33          ;
;     -- 4 input functions                    ; 77          ;
;     -- <=3 input functions                  ; 80          ;
;                                             ;             ;
; Dedicated logic registers                   ; 145         ;
;                                             ;             ;
; I/O pins                                    ; 67          ;
;                                             ;             ;
; Total DSP Blocks                            ; 1           ;
;                                             ;             ;
; Maximum fan-out node                        ; Clock~input ;
; Maximum fan-out                             ; 145         ;
; Total fan-out                               ; 1616        ;
; Average fan-out                             ; 3.02        ;
+---------------------------------------------+-------------+


+---------------------------------------------------------------------------------------------------------------------------------------------------------------------------------------------------------------+
; Analysis & Synthesis Resource Utilization by Entity                                                                                                                                                           ;
+----------------------------+---------------------+---------------------------+-------------------+------------+------+--------------+-------------------------------------------+--------------+--------------+
; Compilation Hierarchy Node ; Combinational ALUTs ; Dedicated Logic Registers ; Block Memory Bits ; DSP Blocks ; Pins ; Virtual Pins ; Full Hierarchy Name                       ; Entity Name  ; Library Name ;
+----------------------------+---------------------+---------------------------+-------------------+------------+------+--------------+-------------------------------------------+--------------+--------------+
; |MyComputer                ; 255 (0)             ; 145 (0)                   ; 0                 ; 1          ; 67   ; 0            ; |MyComputer                               ; MyComputer   ; work         ;
;    |CPU:cpu|               ; 212 (190)           ; 121 (119)                 ; 0                 ; 1          ; 0    ; 0            ; |MyComputer|CPU:cpu                       ; CPU          ; work         ;
;       |AsyncROM:Pmem|      ; 22 (22)             ; 0 (0)                     ; 0                 ; 0          ; 0    ; 0            ; |MyComputer|CPU:cpu|AsyncROM:Pmem         ; AsyncROM     ; work         ;
;       |Synchroniser:tbo|   ; 0 (0)               ; 2 (2)                     ; 0                 ; 0          ; 0    ; 0            ; |MyComputer|CPU:cpu|Synchroniser:tbo      ; Synchroniser ; work         ;
;    |Debounce:db|           ; 29 (29)             ; 24 (22)                   ; 0                 ; 0          ; 0    ; 0            ; |MyComputer|Debounce:db                   ; Debounce     ; work         ;
;       |Synchroniser:sync|  ; 0 (0)               ; 2 (2)                     ; 0                 ; 0          ; 0    ; 0            ; |MyComputer|Debounce:db|Synchroniser:sync ; Synchroniser ; work         ;
;    |DispHex:dh|            ; 14 (0)              ; 0 (0)                     ; 0                 ; 0          ; 0    ; 0            ; |MyComputer|DispHex:dh                    ; DispHex      ; work         ;
;       |SSeg:disp0|         ; 7 (7)               ; 0 (0)                     ; 0                 ; 0          ; 0    ; 0            ; |MyComputer|DispHex:dh|SSeg:disp0         ; SSeg         ; work         ;
;       |SSeg:disp1|         ; 7 (7)               ; 0 (0)                     ; 0                 ; 0          ; 0    ; 0            ; |MyComputer|DispHex:dh|SSeg:disp1         ; SSeg         ; work         ;
+----------------------------+---------------------+---------------------------+-------------------+------------+------+--------------+-------------------------------------------+--------------+--------------+
Note: For table entries with two numbers listed, the numbers in parentheses indicate the number of resources of the given type used by the specific entity alone. The numbers listed outside of parentheses indicate the total resources of the given type used by the specific entity and all of its sub-entities in the hierarchy.


+----------------------------------------------+
; Analysis & Synthesis DSP Block Usage Summary ;
+-------------------------------+--------------+
; Statistic                     ; Number Used  ;
+-------------------------------+--------------+
; Independent 9x9               ; 1            ;
; Total number of DSP blocks    ; 1            ;
;                               ;              ;
; Fixed Point Signed Multiplier ; 1            ;
+-------------------------------+--------------+


+-----------------------------------------------------------------------------------+
; Registers Removed During Synthesis                                                ;
+------------------------------------------+----------------------------------------+
; Register name                            ; Reason for Removal                     ;
+------------------------------------------+----------------------------------------+
; CPU:cpu|Synchroniser:sync_btns|y[0]      ; Stuck at GND due to stuck port clock   ;
; CPU:cpu|Synchroniser:sync_btns|buff[0]   ; Lost fanout                            ;
; CPU:cpu|Synchroniser:sync_btns|y[1]      ; Stuck at GND due to stuck port clock   ;
; CPU:cpu|Synchroniser:sync_btns|buff[1]   ; Lost fanout                            ;
; CPU:cpu|Synchroniser:sync_btns|y[2]      ; Stuck at GND due to stuck port clock   ;
; CPU:cpu|Synchroniser:sync_btns|buff[2]   ; Lost fanout                            ;
; CPU:cpu|Synchroniser:sync_btns|y[3]      ; Stuck at GND due to stuck port clock   ;
; CPU:cpu|Synchroniser:sync_btns|buff[3]   ; Lost fanout                            ;
; CPU:cpu|Synchroniser:sync_din|y[0]       ; Stuck at GND due to stuck port clock   ;
; CPU:cpu|Synchroniser:sync_din|buff[0]    ; Lost fanout                            ;
; CPU:cpu|Synchroniser:sync_din|y[1]       ; Stuck at GND due to stuck port clock   ;
; CPU:cpu|Synchroniser:sync_din|buff[1]    ; Lost fanout                            ;
; CPU:cpu|Synchroniser:sync_din|y[2]       ; Stuck at GND due to stuck port clock   ;
; CPU:cpu|Synchroniser:sync_din|buff[2]    ; Lost fanout                            ;
; CPU:cpu|Synchroniser:sync_din|y[3]       ; Stuck at GND due to stuck port clock   ;
; CPU:cpu|Synchroniser:sync_din|buff[3]    ; Lost fanout                            ;
; CPU:cpu|Synchroniser:sync_din|y[4]       ; Stuck at GND due to stuck port clock   ;
; CPU:cpu|Synchroniser:sync_din|buff[4]    ; Lost fanout                            ;
; CPU:cpu|Synchroniser:sync_din|y[5]       ; Stuck at GND due to stuck port clock   ;
; CPU:cpu|Synchroniser:sync_din|buff[5]    ; Lost fanout                            ;
; CPU:cpu|Synchroniser:sync_din|y[6]       ; Stuck at GND due to stuck port clock   ;
; CPU:cpu|Synchroniser:sync_din|buff[6]    ; Lost fanout                            ;
; CPU:cpu|Synchroniser:sync_din|y[7]       ; Stuck at GND due to stuck port clock   ;
; CPU:cpu|Synchroniser:sync_din|buff[7]    ; Lost fanout                            ;
; CPU:cpu|DetectFallingEdge:pb[3].dfe|buff ; Stuck at GND due to stuck port data_in ;
; CPU:cpu|DetectFallingEdge:pb[2].dfe|buff ; Stuck at GND due to stuck port data_in ;
; CPU:cpu|DetectFallingEdge:pb[1].dfe|buff ; Stuck at GND due to stuck port data_in ;
; CPU:cpu|DetectFallingEdge:pb[0].dfe|buff ; Stuck at GND due to stuck port data_in ;
; CPU:cpu|DetectFallingEdge:pb[3].dfe|y    ; Stuck at GND due to stuck port data_in ;
; CPU:cpu|DetectFallingEdge:pb[2].dfe|y    ; Stuck at GND due to stuck port data_in ;
; CPU:cpu|DetectFallingEdge:pb[1].dfe|y    ; Stuck at GND due to stuck port data_in ;
; CPU:cpu|DetectFallingEdge:pb[0].dfe|y    ; Stuck at GND due to stuck port data_in ;
; CPU:cpu|word[9..15]                      ; Stuck at GND due to stuck port data_in ;
; CPU:cpu|Reg[26][3]                       ; Stuck at GND due to stuck port data_in ;
; CPU:cpu|Reg[27][3]                       ; Stuck at GND due to stuck port data_in ;
; CPU:cpu|Reg[6][3]                        ; Stuck at GND due to stuck port data_in ;
; CPU:cpu|Reg[7][3]                        ; Stuck at GND due to stuck port data_in ;
; CPU:cpu|Reg[8][3]                        ; Lost fanout                            ;
; CPU:cpu|Reg[9][3]                        ; Lost fanout                            ;
; CPU:cpu|Reg[10][3]                       ; Lost fanout                            ;
; CPU:cpu|Reg[11][3]                       ; Lost fanout                            ;
; CPU:cpu|Reg[12][3]                       ; Stuck at GND due to stuck port data_in ;
; CPU:cpu|Reg[13][3]                       ; Stuck at GND due to stuck port data_in ;
; CPU:cpu|Reg[14][3]                       ; Stuck at GND due to stuck port data_in ;
; CPU:cpu|Reg[15][3]                       ; Stuck at GND due to stuck port data_in ;
; CPU:cpu|Reg[16][3]                       ; Lost fanout                            ;
; CPU:cpu|Reg[17][3]                       ; Lost fanout                            ;
; CPU:cpu|Reg[18][3]                       ; Lost fanout                            ;
; CPU:cpu|Reg[19][3]                       ; Lost fanout                            ;
; CPU:cpu|Reg[20][3]                       ; Stuck at GND due to stuck port data_in ;
; CPU:cpu|Reg[21][3]                       ; Stuck at GND due to stuck port data_in ;
; CPU:cpu|Reg[22][3]                       ; Stuck at GND due to stuck port data_in ;
; CPU:cpu|Reg[23][3]                       ; Stuck at GND due to stuck port data_in ;
; CPU:cpu|Reg[24][3]                       ; Lost fanout                            ;
; CPU:cpu|Reg[25][3]                       ; Lost fanout                            ;
; CPU:cpu|Reg[6][7]                        ; Stuck at GND due to stuck port data_in ;
; CPU:cpu|Reg[7][7]                        ; Stuck at GND due to stuck port data_in ;
; CPU:cpu|Reg[8][7]                        ; Lost fanout                            ;
; CPU:cpu|Reg[9][7]                        ; Lost fanout                            ;
; CPU:cpu|Reg[10][7]                       ; Lost fanout                            ;
; CPU:cpu|Reg[11][7]                       ; Lost fanout                            ;
; CPU:cpu|Reg[12][7]                       ; Stuck at GND due to stuck port data_in ;
; CPU:cpu|Reg[13][7]                       ; Stuck at GND due to stuck port data_in ;
; CPU:cpu|Reg[14][7]                       ; Stuck at GND due to stuck port data_in ;
; CPU:cpu|Reg[15][7]                       ; Stuck at GND due to stuck port data_in ;
; CPU:cpu|Reg[16][7]                       ; Lost fanout                            ;
; CPU:cpu|Reg[17][7]                       ; Lost fanout                            ;
; CPU:cpu|Reg[18][7]                       ; Lost fanout                            ;
; CPU:cpu|Reg[19][7]                       ; Lost fanout                            ;
; CPU:cpu|Reg[20][7]                       ; Stuck at GND due to stuck port data_in ;
; CPU:cpu|Reg[21][7]                       ; Stuck at GND due to stuck port data_in ;
; CPU:cpu|Reg[22][7]                       ; Stuck at GND due to stuck port data_in ;
; CPU:cpu|Reg[23][7]                       ; Stuck at GND due to stuck port data_in ;
; CPU:cpu|Reg[24][7]                       ; Lost fanout                            ;
; CPU:cpu|Reg[25][7]                       ; Lost fanout                            ;
; CPU:cpu|Reg[26][7]                       ; Stuck at GND due to stuck port data_in ;
; CPU:cpu|Reg[27][7]                       ; Stuck at GND due to stuck port data_in ;
; CPU:cpu|Reg[6][6]                        ; Stuck at GND due to stuck port data_in ;
; CPU:cpu|Reg[7][6]                        ; Stuck at GND due to stuck port data_in ;
; CPU:cpu|Reg[8][6]                        ; Lost fanout                            ;
; CPU:cpu|Reg[9][6]                        ; Lost fanout                            ;
; CPU:cpu|Reg[10][6]                       ; Lost fanout                            ;
; CPU:cpu|Reg[11][6]                       ; Lost fanout                            ;
; CPU:cpu|Reg[12][6]                       ; Stuck at GND due to stuck port data_in ;
; CPU:cpu|Reg[13][6]                       ; Stuck at GND due to stuck port data_in ;
; CPU:cpu|Reg[14][6]                       ; Stuck at GND due to stuck port data_in ;
; CPU:cpu|Reg[15][6]                       ; Stuck at GND due to stuck port data_in ;
; CPU:cpu|Reg[16][6]                       ; Lost fanout                            ;
; CPU:cpu|Reg[17][6]                       ; Lost fanout                            ;
; CPU:cpu|Reg[18][6]                       ; Lost fanout                            ;
; CPU:cpu|Reg[19][6]                       ; Lost fanout                            ;
; CPU:cpu|Reg[20][6]                       ; Stuck at GND due to stuck port data_in ;
; CPU:cpu|Reg[21][6]                       ; Stuck at GND due to stuck port data_in ;
; CPU:cpu|Reg[22][6]                       ; Stuck at GND due to stuck port data_in ;
; CPU:cpu|Reg[23][6]                       ; Stuck at GND due to stuck port data_in ;
; CPU:cpu|Reg[24][6]                       ; Lost fanout                            ;
; CPU:cpu|Reg[25][6]                       ; Lost fanout                            ;
; CPU:cpu|Reg[26][6]                       ; Stuck at GND due to stuck port data_in ;
; CPU:cpu|Reg[27][6]                       ; Stuck at GND due to stuck port data_in ;
; CPU:cpu|Reg[6][5]                        ; Stuck at GND due to stuck port data_in ;
; CPU:cpu|Reg[7][5]                        ; Stuck at GND due to stuck port data_in ;
; CPU:cpu|Reg[8][5]                        ; Lost fanout                            ;
; CPU:cpu|Reg[9][5]                        ; Lost fanout                            ;
; CPU:cpu|Reg[10][5]                       ; Lost fanout                            ;
; CPU:cpu|Reg[11][5]                       ; Lost fanout                            ;
; CPU:cpu|Reg[12][5]                       ; Stuck at GND due to stuck port data_in ;
; CPU:cpu|Reg[13][5]                       ; Stuck at GND due to stuck port data_in ;
; CPU:cpu|Reg[14][5]                       ; Stuck at GND due to stuck port data_in ;
; CPU:cpu|Reg[15][5]                       ; Stuck at GND due to stuck port data_in ;
; CPU:cpu|Reg[16][5]                       ; Lost fanout                            ;
; CPU:cpu|Reg[17][5]                       ; Lost fanout                            ;
; CPU:cpu|Reg[18][5]                       ; Lost fanout                            ;
; CPU:cpu|Reg[19][5]                       ; Lost fanout                            ;
; CPU:cpu|Reg[20][5]                       ; Stuck at GND due to stuck port data_in ;
; CPU:cpu|Reg[21][5]                       ; Stuck at GND due to stuck port data_in ;
; CPU:cpu|Reg[22][5]                       ; Stuck at GND due to stuck port data_in ;
; CPU:cpu|Reg[23][5]                       ; Stuck at GND due to stuck port data_in ;
; CPU:cpu|Reg[24][5]                       ; Lost fanout                            ;
; CPU:cpu|Reg[25][5]                       ; Lost fanout                            ;
; CPU:cpu|Reg[26][5]                       ; Stuck at GND due to stuck port data_in ;
; CPU:cpu|Reg[27][5]                       ; Stuck at GND due to stuck port data_in ;
; CPU:cpu|Reg[6][4]                        ; Stuck at GND due to stuck port data_in ;
; CPU:cpu|Reg[7][4]                        ; Stuck at GND due to stuck port data_in ;
; CPU:cpu|Reg[8][4]                        ; Lost fanout                            ;
; CPU:cpu|Reg[9][4]                        ; Lost fanout                            ;
; CPU:cpu|Reg[10][4]                       ; Lost fanout                            ;
; CPU:cpu|Reg[11][4]                       ; Lost fanout                            ;
; CPU:cpu|Reg[12][4]                       ; Stuck at GND due to stuck port data_in ;
; CPU:cpu|Reg[13][4]                       ; Stuck at GND due to stuck port data_in ;
; CPU:cpu|Reg[14][4]                       ; Stuck at GND due to stuck port data_in ;
; CPU:cpu|Reg[15][4]                       ; Stuck at GND due to stuck port data_in ;
; CPU:cpu|Reg[16][4]                       ; Lost fanout                            ;
; CPU:cpu|Reg[17][4]                       ; Lost fanout                            ;
; CPU:cpu|Reg[18][4]                       ; Lost fanout                            ;
; CPU:cpu|Reg[19][4]                       ; Lost fanout                            ;
; CPU:cpu|Reg[20][4]                       ; Stuck at GND due to stuck port data_in ;
; CPU:cpu|Reg[21][4]                       ; Stuck at GND due to stuck port data_in ;
; CPU:cpu|Reg[22][4]                       ; Stuck at GND due to stuck port data_in ;
; CPU:cpu|Reg[23][4]                       ; Stuck at GND due to stuck port data_in ;
; CPU:cpu|Reg[24][4]                       ; Lost fanout                            ;
; CPU:cpu|Reg[25][4]                       ; Lost fanout                            ;
; CPU:cpu|Reg[26][4]                       ; Stuck at GND due to stuck port data_in ;
; CPU:cpu|Reg[27][4]                       ; Stuck at GND due to stuck port data_in ;
; CPU:cpu|Reg[6][2]                        ; Stuck at GND due to stuck port data_in ;
; CPU:cpu|Reg[7][2]                        ; Stuck at GND due to stuck port data_in ;
; CPU:cpu|Reg[8][2]                        ; Lost fanout                            ;
; CPU:cpu|Reg[9][2]                        ; Lost fanout                            ;
; CPU:cpu|Reg[10][2]                       ; Lost fanout                            ;
; CPU:cpu|Reg[11][2]                       ; Lost fanout                            ;
; CPU:cpu|Reg[12][2]                       ; Stuck at GND due to stuck port data_in ;
; CPU:cpu|Reg[13][2]                       ; Stuck at GND due to stuck port data_in ;
; CPU:cpu|Reg[14][2]                       ; Stuck at GND due to stuck port data_in ;
; CPU:cpu|Reg[15][2]                       ; Stuck at GND due to stuck port data_in ;
; CPU:cpu|Reg[16][2]                       ; Lost fanout                            ;
; CPU:cpu|Reg[17][2]                       ; Lost fanout                            ;
; CPU:cpu|Reg[18][2]                       ; Lost fanout                            ;
; CPU:cpu|Reg[19][2]                       ; Lost fanout                            ;
; CPU:cpu|Reg[20][2]                       ; Stuck at GND due to stuck port data_in ;
; CPU:cpu|Reg[21][2]                       ; Stuck at GND due to stuck port data_in ;
; CPU:cpu|Reg[22][2]                       ; Stuck at GND due to stuck port data_in ;
; CPU:cpu|Reg[23][2]                       ; Stuck at GND due to stuck port data_in ;
; CPU:cpu|Reg[24][2]                       ; Lost fanout                            ;
; CPU:cpu|Reg[25][2]                       ; Lost fanout                            ;
; CPU:cpu|Reg[26][2]                       ; Stuck at GND due to stuck port data_in ;
; CPU:cpu|Reg[27][2]                       ; Stuck at GND due to stuck port data_in ;
; CPU:cpu|Reg[6][1]                        ; Stuck at GND due to stuck port data_in ;
; CPU:cpu|Reg[7][1]                        ; Stuck at GND due to stuck port data_in ;
; CPU:cpu|Reg[8][1]                        ; Lost fanout                            ;
; CPU:cpu|Reg[9][1]                        ; Lost fanout                            ;
; CPU:cpu|Reg[10][1]                       ; Lost fanout                            ;
; CPU:cpu|Reg[11][1]                       ; Lost fanout                            ;
; CPU:cpu|Reg[12][1]                       ; Stuck at GND due to stuck port data_in ;
; CPU:cpu|Reg[13][1]                       ; Stuck at GND due to stuck port data_in ;
; CPU:cpu|Reg[14][1]                       ; Stuck at GND due to stuck port data_in ;
; CPU:cpu|Reg[15][1]                       ; Stuck at GND due to stuck port data_in ;
; CPU:cpu|Reg[16][1]                       ; Lost fanout                            ;
; CPU:cpu|Reg[17][1]                       ; Lost fanout                            ;
; CPU:cpu|Reg[18][1]                       ; Lost fanout                            ;
; CPU:cpu|Reg[19][1]                       ; Lost fanout                            ;
; CPU:cpu|Reg[20][1]                       ; Stuck at GND due to stuck port data_in ;
; CPU:cpu|Reg[21][1]                       ; Stuck at GND due to stuck port data_in ;
; CPU:cpu|Reg[22][1]                       ; Stuck at GND due to stuck port data_in ;
; CPU:cpu|Reg[23][1]                       ; Stuck at GND due to stuck port data_in ;
; CPU:cpu|Reg[24][1]                       ; Lost fanout                            ;
; CPU:cpu|Reg[25][1]                       ; Lost fanout                            ;
; CPU:cpu|Reg[26][1]                       ; Stuck at GND due to stuck port data_in ;
; CPU:cpu|Reg[27][1]                       ; Stuck at GND due to stuck port data_in ;
; CPU:cpu|Reg[6][0]                        ; Stuck at GND due to stuck port data_in ;
; CPU:cpu|Reg[7][0]                        ; Stuck at GND due to stuck port data_in ;
; CPU:cpu|Reg[8][0]                        ; Lost fanout                            ;
; CPU:cpu|Reg[9][0]                        ; Lost fanout                            ;
; CPU:cpu|Reg[10][0]                       ; Lost fanout                            ;
; CPU:cpu|Reg[11][0]                       ; Lost fanout                            ;
; CPU:cpu|Reg[12][0]                       ; Stuck at GND due to stuck port data_in ;
; CPU:cpu|Reg[13][0]                       ; Stuck at GND due to stuck port data_in ;
; CPU:cpu|Reg[14][0]                       ; Stuck at GND due to stuck port data_in ;
; CPU:cpu|Reg[15][0]                       ; Stuck at GND due to stuck port data_in ;
; CPU:cpu|Reg[16][0]                       ; Lost fanout                            ;
; CPU:cpu|Reg[17][0]                       ; Lost fanout                            ;
; CPU:cpu|Reg[18][0]                       ; Lost fanout                            ;
; CPU:cpu|Reg[19][0]                       ; Lost fanout                            ;
; CPU:cpu|Reg[20][0]                       ; Stuck at GND due to stuck port data_in ;
; CPU:cpu|Reg[21][0]                       ; Stuck at GND due to stuck port data_in ;
; CPU:cpu|Reg[22][0]                       ; Stuck at GND due to stuck port data_in ;
; CPU:cpu|Reg[23][0]                       ; Stuck at GND due to stuck port data_in ;
; CPU:cpu|Reg[24][0]                       ; Lost fanout                            ;
; CPU:cpu|Reg[25][0]                       ; Lost fanout                            ;
; CPU:cpu|Reg[26][0]                       ; Stuck at GND due to stuck port data_in ;
; CPU:cpu|Reg[27][0]                       ; Stuck at GND due to stuck port data_in ;
; CPU:cpu|word[0..3,5..8]                  ; Lost fanout                            ;
; CPU:cpu|s_word[4]                        ; Lost fanout                            ;
; CPU:cpu|word[4]                          ; Lost fanout                            ;
; Total Number of Removed Registers = 225  ;                                        ;
+------------------------------------------+----------------------------------------+


+-----------------------------------------------------------------------------------------------------------------------------------------------------+
; Removed Registers Triggering Further Register Optimizations                                                                                         ;
+-------------------------------------+---------------------------+-----------------------------------------------------------------------------------+
; Register name                       ; Reason for Removal        ; Registers Removed due to This Register                                            ;
+-------------------------------------+---------------------------+-----------------------------------------------------------------------------------+
; CPU:cpu|Synchroniser:sync_btns|y[0] ; Stuck at GND              ; CPU:cpu|Synchroniser:sync_btns|buff[0], CPU:cpu|DetectFallingEdge:pb[0].dfe|buff, ;
;                                     ; due to stuck port clock   ; CPU:cpu|DetectFallingEdge:pb[0].dfe|y                                             ;
; CPU:cpu|Synchroniser:sync_btns|y[1] ; Stuck at GND              ; CPU:cpu|Synchroniser:sync_btns|buff[1], CPU:cpu|DetectFallingEdge:pb[1].dfe|buff, ;
;                                     ; due to stuck port clock   ; CPU:cpu|DetectFallingEdge:pb[1].dfe|y                                             ;
; CPU:cpu|Synchroniser:sync_btns|y[2] ; Stuck at GND              ; CPU:cpu|Synchroniser:sync_btns|buff[2], CPU:cpu|DetectFallingEdge:pb[2].dfe|buff, ;
;                                     ; due to stuck port clock   ; CPU:cpu|DetectFallingEdge:pb[2].dfe|y                                             ;
; CPU:cpu|Synchroniser:sync_btns|y[3] ; Stuck at GND              ; CPU:cpu|Synchroniser:sync_btns|buff[3], CPU:cpu|DetectFallingEdge:pb[3].dfe|buff, ;
;                                     ; due to stuck port clock   ; CPU:cpu|DetectFallingEdge:pb[3].dfe|y                                             ;
; CPU:cpu|Reg[6][4]                   ; Stuck at GND              ; CPU:cpu|word[8], CPU:cpu|s_word[4], CPU:cpu|word[4]                               ;
;                                     ; due to stuck port data_in ;                                                                                   ;
; CPU:cpu|Synchroniser:sync_din|y[0]  ; Stuck at GND              ; CPU:cpu|Synchroniser:sync_din|buff[0]                                             ;
;                                     ; due to stuck port clock   ;                                                                                   ;
; CPU:cpu|Synchroniser:sync_din|y[1]  ; Stuck at GND              ; CPU:cpu|Synchroniser:sync_din|buff[1]                                             ;
;                                     ; due to stuck port clock   ;                                                                                   ;
; CPU:cpu|Synchroniser:sync_din|y[2]  ; Stuck at GND              ; CPU:cpu|Synchroniser:sync_din|buff[2]                                             ;
;                                     ; due to stuck port clock   ;                                                                                   ;
; CPU:cpu|Synchroniser:sync_din|y[3]  ; Stuck at GND              ; CPU:cpu|Synchroniser:sync_din|buff[3]                                             ;
;                                     ; due to stuck port clock   ;                                                                                   ;
; CPU:cpu|Synchroniser:sync_din|y[4]  ; Stuck at GND              ; CPU:cpu|Synchroniser:sync_din|buff[4]                                             ;
;                                     ; due to stuck port clock   ;                                                                                   ;
; CPU:cpu|Synchroniser:sync_din|y[5]  ; Stuck at GND              ; CPU:cpu|Synchroniser:sync_din|buff[5]                                             ;
;                                     ; due to stuck port clock   ;                                                                                   ;
; CPU:cpu|Synchroniser:sync_din|y[6]  ; Stuck at GND              ; CPU:cpu|Synchroniser:sync_din|buff[6]                                             ;
;                                     ; due to stuck port clock   ;                                                                                   ;
; CPU:cpu|Synchroniser:sync_din|y[7]  ; Stuck at GND              ; CPU:cpu|Synchroniser:sync_din|buff[7]                                             ;
;                                     ; due to stuck port clock   ;                                                                                   ;
; CPU:cpu|Reg[6][3]                   ; Stuck at GND              ; CPU:cpu|word[3]                                                                   ;
;                                     ; due to stuck port data_in ;                                                                                   ;
; CPU:cpu|Reg[6][7]                   ; Stuck at GND              ; CPU:cpu|word[7]                                                                   ;
;                                     ; due to stuck port data_in ;                                                                                   ;
; CPU:cpu|Reg[6][6]                   ; Stuck at GND              ; CPU:cpu|word[6]                                                                   ;
;                                     ; due to stuck port data_in ;                                                                                   ;
; CPU:cpu|Reg[6][5]                   ; Stuck at GND              ; CPU:cpu|word[5]                                                                   ;
;                                     ; due to stuck port data_in ;                                                                                   ;
; CPU:cpu|Reg[6][2]                   ; Stuck at GND              ; CPU:cpu|word[2]                                                                   ;
;                                     ; due to stuck port data_in ;                                                                                   ;
; CPU:cpu|Reg[6][1]                   ; Stuck at GND              ; CPU:cpu|word[1]                                                                   ;
;                                     ; due to stuck port data_in ;                                                                                   ;
; CPU:cpu|Reg[6][0]                   ; Stuck at GND              ; CPU:cpu|word[0]                                                                   ;
;                                     ; due to stuck port data_in ;                                                                                   ;
+-------------------------------------+---------------------------+-----------------------------------------------------------------------------------+


+------------------------------------------------------+
; General Register Statistics                          ;
+----------------------------------------------+-------+
; Statistic                                    ; Value ;
+----------------------------------------------+-------+
; Total registers                              ; 145   ;
; Number of registers using Synchronous Clear  ; 56    ;
; Number of registers using Synchronous Load   ; 16    ;
; Number of registers using Asynchronous Clear ; 0     ;
; Number of registers using Asynchronous Load  ; 0     ;
; Number of registers using Clock Enable       ; 95    ;
; Number of registers using Preset             ; 0     ;
+----------------------------------------------+-------+


+----------------------------------------------------------------------------------------------------------------------------------------------+
; Multiplexer Restructuring Statistics (Restructuring Performed)                                                                               ;
+--------------------+-----------+---------------+----------------------+------------------------+------------+--------------------------------+
; Multiplexer Inputs ; Bus Width ; Baseline Area ; Area if Restructured ; Saving if Restructured ; Registered ; Example Multiplexer Output     ;
+--------------------+-----------+---------------+----------------------+------------------------+------------+--------------------------------+
; 3:1                ; 8 bits    ; 16 LEs        ; 0 LEs                ; 16 LEs                 ; Yes        ; |MyComputer|CPU:cpu|Reg[4][7]  ;
; 3:1                ; 8 bits    ; 16 LEs        ; 0 LEs                ; 16 LEs                 ; Yes        ; |MyComputer|CPU:cpu|Reg[5][4]  ;
; 3:1                ; 8 bits    ; 16 LEs        ; 0 LEs                ; 16 LEs                 ; Yes        ; |MyComputer|CPU:cpu|Reg[28][7] ;
; 3:1                ; 8 bits    ; 16 LEs        ; 0 LEs                ; 16 LEs                 ; Yes        ; |MyComputer|CPU:cpu|Reg[2][5]  ;
; 3:1                ; 8 bits    ; 16 LEs        ; 0 LEs                ; 16 LEs                 ; Yes        ; |MyComputer|CPU:cpu|Reg[1][3]  ;
; 3:1                ; 8 bits    ; 16 LEs        ; 0 LEs                ; 16 LEs                 ; Yes        ; |MyComputer|CPU:cpu|Reg[29][4] ;
; 3:1                ; 8 bits    ; 16 LEs        ; 0 LEs                ; 16 LEs                 ; Yes        ; |MyComputer|CPU:cpu|Reg[3][7]  ;
; 18:1               ; 8 bits    ; 96 LEs        ; 0 LEs                ; 96 LEs                 ; Yes        ; |MyComputer|CPU:cpu|Reg[30][4] ;
; 18:1               ; 8 bits    ; 96 LEs        ; 0 LEs                ; 96 LEs                 ; Yes        ; |MyComputer|CPU:cpu|Reg[0][6]  ;
; 20:1               ; 4 bits    ; 52 LEs        ; 8 LEs                ; 44 LEs                 ; Yes        ; |MyComputer|CPU:cpu|Reg[31][5] ;
; 20:1               ; 5 bits    ; 65 LEs        ; 10 LEs               ; 55 LEs                 ; Yes        ; |MyComputer|CPU:cpu|IP[6]      ;
; 20:1               ; 3 bits    ; 39 LEs        ; 6 LEs                ; 33 LEs                 ; Yes        ; |MyComputer|CPU:cpu|IP[4]      ;
; 4:1                ; 7 bits    ; 14 LEs        ; 14 LEs               ; 0 LEs                  ; No         ; |MyComputer|CPU:cpu|Selector4  ;
; 4:1                ; 7 bits    ; 14 LEs        ; 14 LEs               ; 0 LEs                  ; No         ; |MyComputer|CPU:cpu|cnum       ;
; 9:1                ; 8 bits    ; 48 LEs        ; 48 LEs               ; 0 LEs                  ; No         ; |MyComputer|CPU:cpu|Selector22 ;
; 5:1                ; 6 bits    ; 18 LEs        ; 18 LEs               ; 0 LEs                  ; No         ; |MyComputer|CPU:cpu|Selector7  ;
+--------------------+-----------+---------------+----------------------+------------------------+------------+--------------------------------+


+----------------------------------------------------------------------------+
; Parameter Settings for User Entity Instance: Debounce:db|Synchroniser:sync ;
+----------------+-------+---------------------------------------------------+
; Parameter Name ; Value ; Type                                              ;
+----------------+-------+---------------------------------------------------+
; n              ; 1     ; Signed Integer                                    ;
+----------------+-------+---------------------------------------------------+
Note: In order to hide this table in the UI and the text report file, please set the "Show Parameter Settings in Synthesis Report" option in "Analysis and Synthesis Settings -> More Settings" to "Off".


+----------------------------------------------------------------------------+
; Parameter Settings for User Entity Instance: CPU:cpu|Synchroniser:sync_din ;
+----------------+-------+---------------------------------------------------+
; Parameter Name ; Value ; Type                                              ;
+----------------+-------+---------------------------------------------------+
; n              ; 8     ; Signed Integer                                    ;
+----------------+-------+---------------------------------------------------+
Note: In order to hide this table in the UI and the text report file, please set the "Show Parameter Settings in Synthesis Report" option in "Analysis and Synthesis Settings -> More Settings" to "Off".


+-----------------------------------------------------------------------------+
; Parameter Settings for User Entity Instance: CPU:cpu|Synchroniser:sync_btns ;
+----------------+-------+----------------------------------------------------+
; Parameter Name ; Value ; Type                                               ;
+----------------+-------+----------------------------------------------------+
; n              ; 4     ; Signed Integer                                     ;
+----------------+-------+----------------------------------------------------+
Note: In order to hide this table in the UI and the text report file, please set the "Show Parameter Settings in Synthesis Report" option in "Analysis and Synthesis Settings -> More Settings" to "Off".


+-----------------------------------------------------------------------+
; Parameter Settings for User Entity Instance: CPU:cpu|Synchroniser:tbo ;
+----------------+-------+----------------------------------------------+
; Parameter Name ; Value ; Type                                         ;
+----------------+-------+----------------------------------------------+
; n              ; 1     ; Signed Integer                               ;
+----------------+-------+----------------------------------------------+
Note: In order to hide this table in the UI and the text report file, please set the "Show Parameter Settings in Synthesis Report" option in "Analysis and Synthesis Settings -> More Settings" to "Off".


+---------------------------------------------------+
; Port Connectivity Checks: "DispHex:dh|SSeg:disp1" ;
+--------+-------+----------+-----------------------+
; Port   ; Type  ; Severity ; Details               ;
+--------+-------+----------+-----------------------+
; neg    ; Input ; Info     ; Stuck at GND          ;
; enable ; Input ; Info     ; Stuck at VCC          ;
+--------+-------+----------+-----------------------+


+---------------------------------------------------+
; Port Connectivity Checks: "DispHex:dh|SSeg:disp0" ;
+--------+-------+----------+-----------------------+
; Port   ; Type  ; Severity ; Details               ;
+--------+-------+----------+-----------------------+
; neg    ; Input ; Info     ; Stuck at GND          ;
; enable ; Input ; Info     ; Stuck at VCC          ;
+--------+-------+----------+-----------------------+


+----------------------------------------------------------------------------------------------------------------------------------------------------+
; Port Connectivity Checks: "Disp2cNum:dnum|DispDec:dd3"                                                                                             ;
+------+--------+----------+-------------------------------------------------------------------------------------------------------------------------+
; Port ; Type   ; Severity ; Details                                                                                                                 ;
+------+--------+----------+-------------------------------------------------------------------------------------------------------------------------+
; xo   ; Output ; Info     ; Connected to dangling logic. Logic that only feeds a dangling port will be removed.                                     ;
; eno  ; Output ; Info     ; Connected to dangling logic. Logic that only feeds a dangling port will be removed.                                     ;
; segs ; Output ; Warning  ; Output or bidir port (7 bits) is wider than the port expression (1 bits) it drives; bit(s) "segs[6..1]" have no fanouts ;
; segs ; Output ; Info     ; Connected to dangling logic. Logic that only feeds a dangling port will be removed.                                     ;
+------+--------+----------+-------------------------------------------------------------------------------------------------------------------------+


+----------------------------------------------------------------------------------------------------------------------------------------------------+
; Port Connectivity Checks: "Disp2cNum:dnum|DispDec:dd2"                                                                                             ;
+------+--------+----------+-------------------------------------------------------------------------------------------------------------------------+
; Port ; Type   ; Severity ; Details                                                                                                                 ;
+------+--------+----------+-------------------------------------------------------------------------------------------------------------------------+
; segs ; Output ; Warning  ; Output or bidir port (7 bits) is wider than the port expression (1 bits) it drives; bit(s) "segs[6..1]" have no fanouts ;
; segs ; Output ; Info     ; Connected to dangling logic. Logic that only feeds a dangling port will be removed.                                     ;
+------+--------+----------+-------------------------------------------------------------------------------------------------------------------------+


+----------------------------------------------------------------------------------------------------------------------------------------------------+
; Port Connectivity Checks: "Disp2cNum:dnum|DispDec:dd1"                                                                                             ;
+------+--------+----------+-------------------------------------------------------------------------------------------------------------------------+
; Port ; Type   ; Severity ; Details                                                                                                                 ;
+------+--------+----------+-------------------------------------------------------------------------------------------------------------------------+
; segs ; Output ; Warning  ; Output or bidir port (7 bits) is wider than the port expression (1 bits) it drives; bit(s) "segs[6..1]" have no fanouts ;
; segs ; Output ; Info     ; Connected to dangling logic. Logic that only feeds a dangling port will be removed.                                     ;
+------+--------+----------+-------------------------------------------------------------------------------------------------------------------------+


+----------------------------------------------------------------------------------------------------------------------------------------------------+
; Port Connectivity Checks: "Disp2cNum:dnum|DispDec:dd0"                                                                                             ;
+------+--------+----------+-------------------------------------------------------------------------------------------------------------------------+
; Port ; Type   ; Severity ; Details                                                                                                                 ;
+------+--------+----------+-------------------------------------------------------------------------------------------------------------------------+
; segs ; Output ; Warning  ; Output or bidir port (7 bits) is wider than the port expression (1 bits) it drives; bit(s) "segs[6..1]" have no fanouts ;
; segs ; Output ; Info     ; Connected to dangling logic. Logic that only feeds a dangling port will be removed.                                     ;
+------+--------+----------+-------------------------------------------------------------------------------------------------------------------------+


+-----------------------------------------------------+
; Post-Synthesis Netlist Statistics for Top Partition ;
+-----------------------+-----------------------------+
; Type                  ; Count                       ;
+-----------------------+-----------------------------+
; arriav_ff             ; 145                         ;
;     ENA               ; 68                          ;
;     ENA SCLR          ; 11                          ;
;     ENA SLD           ; 16                          ;
;     SCLR              ; 45                          ;
;     plain             ; 5                           ;
; arriav_lcell_comb     ; 258                         ;
;     arith             ; 62                          ;
;         0 data inputs ; 1                           ;
;         1 data inputs ; 53                          ;
;         5 data inputs ; 8                           ;
;     extend            ; 2                           ;
;         7 data inputs ; 2                           ;
;     normal            ; 194                         ;
;         0 data inputs ; 1                           ;
;         1 data inputs ; 2                           ;
;         2 data inputs ; 12                          ;
;         3 data inputs ; 14                          ;
;         4 data inputs ; 77                          ;
;         5 data inputs ; 25                          ;
;         6 data inputs ; 63                          ;
; arriav_mac            ; 1                           ;
; boundary_port         ; 67                          ;
;                       ;                             ;
; Max LUT depth         ; 8.30                        ;
; Average LUT depth     ; 4.75                        ;
+-----------------------+-----------------------------+


+-------------------------------+
; Elapsed Time Per Partition    ;
+----------------+--------------+
; Partition Name ; Elapsed Time ;
+----------------+--------------+
; Top            ; 00:00:01     ;
+----------------+--------------+


+-------------------------------+
; Analysis & Synthesis Messages ;
+-------------------------------+
Info: *******************************************************************
Info: Running Quartus Prime Analysis & Synthesis
    Info: Version 18.1.0 Build 625 09/12/2018 SJ Lite Edition
    Info: Processing started: Sat May 01 18:49:43 2021
Info: Command: quartus_map --read_settings_files=on --write_settings_files=off MyComputer -c MyComputer
Warning (18236): Number of processors has not been specified which may cause overloading on shared machines.  Set the global assignment NUM_PARALLEL_PROCESSORS in your QSF to an appropriate value for best performance.
Info (20030): Parallel compilation is enabled and will use 6 of the 6 processors detected
Info (12021): Found 1 design units, including 1 entities, in source file testcalc.v
    Info (12023): Found entity 1: TestCalc File: C:/Users/cassi/Desktop/verilog code/MyComputer/TestCalc.v Line: 12
Warning (10463): Verilog HDL Declaration warning at ROM.v(55): "bit" is SystemVerilog-2005 keyword File: C:/Users/cassi/Desktop/verilog code/MyComputer/ROM.v Line: 55
Warning (10463): Verilog HDL Declaration warning at ROM.v(70): "bit" is SystemVerilog-2005 keyword File: C:/Users/cassi/Desktop/verilog code/MyComputer/ROM.v Line: 70
Warning (10463): Verilog HDL Declaration warning at ROM.v(76): "bit" is SystemVerilog-2005 keyword File: C:/Users/cassi/Desktop/verilog code/MyComputer/ROM.v Line: 76
Info (12021): Found 1 design units, including 1 entities, in source file rom.v
    Info (12023): Found entity 1: AsyncROM File: C:/Users/cassi/Desktop/verilog code/MyComputer/ROM.v Line: 22
Info (12021): Found 1 design units, including 1 entities, in source file mycomputer.v
    Info (12023): Found entity 1: MyComputer File: C:/Users/cassi/Desktop/verilog code/MyComputer/MyComputer.v Line: 5
Info (12021): Found 1 design units, including 1 entities, in source file cpu.v
    Info (12023): Found entity 1: CPU File: C:/Users/cassi/Desktop/verilog code/MyComputer/CPU.v Line: 5
Info (12021): Found 7 design units, including 7 entities, in source file auxmod.v
    Info (12023): Found entity 1: Synchroniser File: C:/Users/cassi/Desktop/verilog code/MyComputer/AuxMod.v Line: 2
    Info (12023): Found entity 2: Debounce File: C:/Users/cassi/Desktop/verilog code/MyComputer/AuxMod.v Line: 16
    Info (12023): Found entity 3: Disp2cNum File: C:/Users/cassi/Desktop/verilog code/MyComputer/AuxMod.v Line: 37
    Info (12023): Found entity 4: DispDec File: C:/Users/cassi/Desktop/verilog code/MyComputer/AuxMod.v Line: 51
    Info (12023): Found entity 5: DispHex File: C:/Users/cassi/Desktop/verilog code/MyComputer/AuxMod.v Line: 63
    Info (12023): Found entity 6: SSeg File: C:/Users/cassi/Desktop/verilog code/MyComputer/AuxMod.v Line: 69
    Info (12023): Found entity 7: DetectFallingEdge File: C:/Users/cassi/Desktop/verilog code/MyComputer/AuxMod.v Line: 98
Warning (10236): Verilog HDL Implicit Net warning at MyComputer.v(52): created implicit net for "Reset" File: C:/Users/cassi/Desktop/verilog code/MyComputer/MyComputer.v Line: 52
Warning (10236): Verilog HDL Implicit Net warning at CPU.v(22): created implicit net for "clk" File: C:/Users/cassi/Desktop/verilog code/MyComputer/CPU.v Line: 22
Warning (10236): Verilog HDL Implicit Net warning at AuxMod.v(44): created implicit net for "segs0" File: C:/Users/cassi/Desktop/verilog code/MyComputer/AuxMod.v Line: 44
Warning (10236): Verilog HDL Implicit Net warning at AuxMod.v(45): created implicit net for "segs1" File: C:/Users/cassi/Desktop/verilog code/MyComputer/AuxMod.v Line: 45
Warning (10236): Verilog HDL Implicit Net warning at AuxMod.v(46): created implicit net for "segs2" File: C:/Users/cassi/Desktop/verilog code/MyComputer/AuxMod.v Line: 46
Warning (10236): Verilog HDL Implicit Net warning at AuxMod.v(47): created implicit net for "segs3" File: C:/Users/cassi/Desktop/verilog code/MyComputer/AuxMod.v Line: 47
Info (12127): Elaborating entity "MyComputer" for the top level hierarchy
Info (12128): Elaborating entity "Debounce" for hierarchy "Debounce:db" File: C:/Users/cassi/Desktop/verilog code/MyComputer/MyComputer.v Line: 52
Info (12128): Elaborating entity "Synchroniser" for hierarchy "Debounce:db|Synchroniser:sync" File: C:/Users/cassi/Desktop/verilog code/MyComputer/AuxMod.v Line: 23
Info (12128): Elaborating entity "CPU" for hierarchy "CPU:cpu" File: C:/Users/cassi/Desktop/verilog code/MyComputer/MyComputer.v Line: 54
Warning (10230): Verilog HDL assignment warning at CPU.v(43): truncated value with size 32 to match size of target (24) File: C:/Users/cassi/Desktop/verilog code/MyComputer/CPU.v Line: 43
Info (10264): Verilog HDL Case Statement information at CPU.v(179): all case item expressions in this case statement are onehot File: C:/Users/cassi/Desktop/verilog code/MyComputer/CPU.v Line: 179
Info (10264): Verilog HDL Case Statement information at CPU.v(101): all case item expressions in this case statement are onehot File: C:/Users/cassi/Desktop/verilog code/MyComputer/CPU.v Line: 101
Info (10264): Verilog HDL Case Statement information at CPU.v(190): all case item expressions in this case statement are onehot File: C:/Users/cassi/Desktop/verilog code/MyComputer/CPU.v Line: 190
Info (10264): Verilog HDL Case Statement information at CPU.v(98): all case item expressions in this case statement are onehot File: C:/Users/cassi/Desktop/verilog code/MyComputer/CPU.v Line: 98
Warning (10034): Output port "GPO" at CPU.v(15) has no driver File: C:/Users/cassi/Desktop/verilog code/MyComputer/CPU.v Line: 15
Info (12128): Elaborating entity "Synchroniser" for hierarchy "CPU:cpu|Synchroniser:sync_din" File: C:/Users/cassi/Desktop/verilog code/MyComputer/CPU.v Line: 22
Info (12128): Elaborating entity "Synchroniser" for hierarchy "CPU:cpu|Synchroniser:sync_btns" File: C:/Users/cassi/Desktop/verilog code/MyComputer/CPU.v Line: 23
Info (12128): Elaborating entity "DetectFallingEdge" for hierarchy "CPU:cpu|DetectFallingEdge:pb[0].dfe" File: C:/Users/cassi/Desktop/verilog code/MyComputer/CPU.v Line: 30
Info (12128): Elaborating entity "AsyncROM" for hierarchy "CPU:cpu|AsyncROM:Pmem" File: C:/Users/cassi/Desktop/verilog code/MyComputer/CPU.v Line: 61
Info (12128): Elaborating entity "Disp2cNum" for hierarchy "Disp2cNum:dnum" File: C:/Users/cassi/Desktop/verilog code/MyComputer/MyComputer.v Line: 55
Warning (10034): Output port "H0" at AuxMod.v(37) has no driver File: C:/Users/cassi/Desktop/verilog code/MyComputer/AuxMod.v Line: 37
Warning (10034): Output port "H1" at AuxMod.v(37) has no driver File: C:/Users/cassi/Desktop/verilog code/MyComputer/AuxMod.v Line: 37
Warning (10034): Output port "H2" at AuxMod.v(37) has no driver File: C:/Users/cassi/Desktop/verilog code/MyComputer/AuxMod.v Line: 37
Warning (10034): Output port "H3" at AuxMod.v(37) has no driver File: C:/Users/cassi/Desktop/verilog code/MyComputer/AuxMod.v Line: 37
Info (12128): Elaborating entity "DispDec" for hierarchy "Disp2cNum:dnum|DispDec:dd0" File: C:/Users/cassi/Desktop/verilog code/MyComputer/AuxMod.v Line: 44
Warning (10230): Verilog HDL assignment warning at AuxMod.v(53): truncated value with size 32 to match size of target (4) File: C:/Users/cassi/Desktop/verilog code/MyComputer/AuxMod.v Line: 53
Warning (10230): Verilog HDL assignment warning at AuxMod.v(57): truncated value with size 32 to match size of target (8) File: C:/Users/cassi/Desktop/verilog code/MyComputer/AuxMod.v Line: 57
Info (12128): Elaborating entity "SSeg" for hierarchy "Disp2cNum:dnum|DispDec:dd0|SSeg:converter" File: C:/Users/cassi/Desktop/verilog code/MyComputer/AuxMod.v Line: 55
Info (12128): Elaborating entity "DispHex" for hierarchy "DispHex:dh" File: C:/Users/cassi/Desktop/verilog code/MyComputer/MyComputer.v Line: 56
Warning (12011): Net is missing source, defaulting to GND
    Warning (12110): Net "CPU:cpu|clk" is missing source, defaulting to GND File: C:/Users/cassi/Desktop/verilog code/MyComputer/CPU.v Line: 22
Warning (12241): 4 hierarchies have connectivity warnings - see the Connectivity Checks report folder
Warning (13024): Output pins are stuck at VCC or GND
    Warning (13410): Pin "LEDR[0]" is stuck at GND File: C:/Users/cassi/Desktop/verilog code/MyComputer/MyComputer.v Line: 11
    Warning (13410): Pin "LEDR[1]" is stuck at GND File: C:/Users/cassi/Desktop/verilog code/MyComputer/MyComputer.v Line: 11
    Warning (13410): Pin "LEDR[2]" is stuck at GND File: C:/Users/cassi/Desktop/verilog code/MyComputer/MyComputer.v Line: 11
    Warning (13410): Pin "LEDR[3]" is stuck at GND File: C:/Users/cassi/Desktop/verilog code/MyComputer/MyComputer.v Line: 11
    Warning (13410): Pin "LEDR[4]" is stuck at GND File: C:/Users/cassi/Desktop/verilog code/MyComputer/MyComputer.v Line: 11
    Warning (13410): Pin "LEDR[5]" is stuck at GND File: C:/Users/cassi/Desktop/verilog code/MyComputer/MyComputer.v Line: 11
    Warning (13410): Pin "HEX0[0]" is stuck at GND File: C:/Users/cassi/Desktop/verilog code/MyComputer/MyComputer.v Line: 23
    Warning (13410): Pin "HEX0[1]" is stuck at GND File: C:/Users/cassi/Desktop/verilog code/MyComputer/MyComputer.v Line: 23
    Warning (13410): Pin "HEX0[2]" is stuck at GND File: C:/Users/cassi/Desktop/verilog code/MyComputer/MyComputer.v Line: 23
    Warning (13410): Pin "HEX0[3]" is stuck at GND File: C:/Users/cassi/Desktop/verilog code/MyComputer/MyComputer.v Line: 23
    Warning (13410): Pin "HEX0[4]" is stuck at GND File: C:/Users/cassi/Desktop/verilog code/MyComputer/MyComputer.v Line: 23
    Warning (13410): Pin "HEX0[5]" is stuck at GND File: C:/Users/cassi/Desktop/verilog code/MyComputer/MyComputer.v Line: 23
    Warning (13410): Pin "HEX0[6]" is stuck at GND File: C:/Users/cassi/Desktop/verilog code/MyComputer/MyComputer.v Line: 23
    Warning (13410): Pin "HEX1[0]" is stuck at GND File: C:/Users/cassi/Desktop/verilog code/MyComputer/MyComputer.v Line: 24
    Warning (13410): Pin "HEX1[1]" is stuck at GND File: C:/Users/cassi/Desktop/verilog code/MyComputer/MyComputer.v Line: 24
    Warning (13410): Pin "HEX1[2]" is stuck at GND File: C:/Users/cassi/Desktop/verilog code/MyComputer/MyComputer.v Line: 24
    Warning (13410): Pin "HEX1[3]" is stuck at GND File: C:/Users/cassi/Desktop/verilog code/MyComputer/MyComputer.v Line: 24
    Warning (13410): Pin "HEX1[4]" is stuck at GND File: C:/Users/cassi/Desktop/verilog code/MyComputer/MyComputer.v Line: 24
    Warning (13410): Pin "HEX1[5]" is stuck at GND File: C:/Users/cassi/Desktop/verilog code/MyComputer/MyComputer.v Line: 24
    Warning (13410): Pin "HEX1[6]" is stuck at GND File: C:/Users/cassi/Desktop/verilog code/MyComputer/MyComputer.v Line: 24
    Warning (13410): Pin "HEX2[0]" is stuck at GND File: C:/Users/cassi/Desktop/verilog code/MyComputer/MyComputer.v Line: 25
    Warning (13410): Pin "HEX2[1]" is stuck at GND File: C:/Users/cassi/Desktop/verilog code/MyComputer/MyComputer.v Line: 25
    Warning (13410): Pin "HEX2[2]" is stuck at GND File: C:/Users/cassi/Desktop/verilog code/MyComputer/MyComputer.v Line: 25
    Warning (13410): Pin "HEX2[3]" is stuck at GND File: C:/Users/cassi/Desktop/verilog code/MyComputer/MyComputer.v Line: 25
    Warning (13410): Pin "HEX2[4]" is stuck at GND File: C:/Users/cassi/Desktop/verilog code/MyComputer/MyComputer.v Line: 25
    Warning (13410): Pin "HEX2[5]" is stuck at GND File: C:/Users/cassi/Desktop/verilog code/MyComputer/MyComputer.v Line: 25
    Warning (13410): Pin "HEX2[6]" is stuck at GND File: C:/Users/cassi/Desktop/verilog code/MyComputer/MyComputer.v Line: 25
    Warning (13410): Pin "HEX3[0]" is stuck at GND File: C:/Users/cassi/Desktop/verilog code/MyComputer/MyComputer.v Line: 26
    Warning (13410): Pin "HEX3[1]" is stuck at GND File: C:/Users/cassi/Desktop/verilog code/MyComputer/MyComputer.v Line: 26
    Warning (13410): Pin "HEX3[2]" is stuck at GND File: C:/Users/cassi/Desktop/verilog code/MyComputer/MyComputer.v Line: 26
    Warning (13410): Pin "HEX3[3]" is stuck at GND File: C:/Users/cassi/Desktop/verilog code/MyComputer/MyComputer.v Line: 26
    Warning (13410): Pin "HEX3[4]" is stuck at GND File: C:/Users/cassi/Desktop/verilog code/MyComputer/MyComputer.v Line: 26
    Warning (13410): Pin "HEX3[5]" is stuck at GND File: C:/Users/cassi/Desktop/verilog code/MyComputer/MyComputer.v Line: 26
    Warning (13410): Pin "HEX3[6]" is stuck at GND File: C:/Users/cassi/Desktop/verilog code/MyComputer/MyComputer.v Line: 26
Info (286030): Timing-Driven Synthesis is running
Info (17049): 102 registers lost all their fanouts during netlist optimizations.
Info (144001): Generated suppressed messages file C:/Users/cassi/Desktop/verilog code/MyComputer/output_files/MyComputer.map.smsg
Info (16010): Generating hard_block partition "hard_block:auto_generated_inst"
    Info (16011): Adding 0 node(s), including 0 DDIO, 0 PLL, 0 transceiver and 0 LCELL
Warning (21074): Design contains 12 input pin(s) that do not drive logic
    Warning (15610): No output dependent on input pin "SW[0]" File: C:/Users/cassi/Desktop/verilog code/MyComputer/MyComputer.v Line: 16
    Warning (15610): No output dependent on input pin "SW[1]" File: C:/Users/cassi/Desktop/verilog code/MyComputer/MyComputer.v Line: 16
    Warning (15610): No output dependent on input pin "SW[2]" File: C:/Users/cassi/Desktop/verilog code/MyComputer/MyComputer.v Line: 16
    Warning (15610): No output dependent on input pin "SW[3]" File: C:/Users/cassi/Desktop/verilog code/MyComputer/MyComputer.v Line: 16
    Warning (15610): No output dependent on input pin "SW[4]" File: C:/Users/cassi/Desktop/verilog code/MyComputer/MyComputer.v Line: 16
    Warning (15610): No output dependent on input pin "SW[5]" File: C:/Users/cassi/Desktop/verilog code/MyComputer/MyComputer.v Line: 16
    Warning (15610): No output dependent on input pin "SW[6]" File: C:/Users/cassi/Desktop/verilog code/MyComputer/MyComputer.v Line: 16
    Warning (15610): No output dependent on input pin "SW[7]" File: C:/Users/cassi/Desktop/verilog code/MyComputer/MyComputer.v Line: 16
    Warning (15610): No output dependent on input pin "KEY[0]" File: C:/Users/cassi/Desktop/verilog code/MyComputer/MyComputer.v Line: 20
    Warning (15610): No output dependent on input pin "KEY[1]" File: C:/Users/cassi/Desktop/verilog code/MyComputer/MyComputer.v Line: 20
    Warning (15610): No output dependent on input pin "KEY[2]" File: C:/Users/cassi/Desktop/verilog code/MyComputer/MyComputer.v Line: 20
    Warning (15610): No output dependent on input pin "KEY[3]" File: C:/Users/cassi/Desktop/verilog code/MyComputer/MyComputer.v Line: 20
Info (21057): Implemented 399 device resources after synthesis - the final resource count might be different
    Info (21058): Implemented 15 input pins
    Info (21059): Implemented 52 output pins
    Info (21061): Implemented 331 logic cells
    Info (21062): Implemented 1 DSP elements
Info: Quartus Prime Analysis & Synthesis was successful. 0 errors, 69 warnings
    Info: Peak virtual memory: 4849 megabytes
    Info: Processing ended: Sat May 01 18:49:53 2021
    Info: Elapsed time: 00:00:10
    Info: Total CPU time (on all processors): 00:00:19


+------------------------------------------+
; Analysis & Synthesis Suppressed Messages ;
+------------------------------------------+
The suppressed messages can be found in C:/Users/cassi/Desktop/verilog code/MyComputer/output_files/MyComputer.map.smsg.


